[SIGNAL] 2026/05/26 11:03:41.098411 [->送信][stage=0][event=1][signal=5H][ENQ]
[SIGNAL] 2026/05/26 11:03:41.098920 [<-受信][stage=2][event=2][signal=10H][DLE]
[SIGNAL] 2026/05/26 11:03:41.098920 [<-受信][stage=3][event=3][signal=30H][0]
[SIGNAL] 2026/05/26 11:03:41.099431 [->送信][stage=3][event=2][signal=10H][DLE]
[SIGNAL] 2026/05/26 11:03:41.099431 [->送信][stage=3][event=7][signal=2H][STX]
[SIGNAL] 2026/05/26 11:03:41.099980 [->送信][stage=3][event=3][signal=30H][0]
[SIGNAL] 2026/05/26 11:03:41.099980 [->送信][stage=3][event=9][signal=1H][]
[SIGNAL] 2026/05/26 11:03:41.100490 [->送信][stage=3][event=9][signal=1H][]
[SIGNAL] 2026/05/26 11:03:41.100490 [->送信][stage=3][event=9][signal=1H][]
[SIGNAL] 2026/05/26 11:03:41.101032 [->送信][stage=3][event=9][signal=1H][]
[SIGNAL] 2026/05/26 11:03:41.101566 [->送信][stage=3][event=9][signal=1H][]
[SIGNAL] 2026/05/26 11:03:41.101566 [->送信][stage=3][event=2][signal=10H][DLE]
[SIGNAL] 2026/05/26 11:03:41.102075 [->送信][stage=3][event=8][signal=3H][ETX]
[SIGNAL] 2026/05/26 11:03:41.102075 [->送信][stage=3][event=9][signal=22H][]
[SIGNAL] 2026/05/26 11:03:41.102585 [<-受信][stage=4][event=2][signal=10H][DLE]
[SIGNAL] 2026/05/26 11:03:41.102585 [<-受信][stage=5][event=4][signal=31H][1]
[SIGNAL] 2026/05/26 11:03:41.102585 [->送信][stage=5][event=0][signal=4H][EOT]
[SIGNAL] 2026/05/26 11:03:41.110663 [<-受信][stage=0][event=1][signal=5H][ENQ]
[SIGNAL] 2026/05/26 11:03:41.110663 [->送信][stage=0][event=2][signal=10H][DLE]
[SIGNAL] 2026/05/26 11:03:41.111662 [->送信][stage=0][event=3][signal=30H][0]
[SIGNAL] 2026/05/26 11:03:41.113666 [<-受信][stage=6][event=2][signal=10H][DLE]
[SIGNAL] 2026/05/26 11:03:41.114665 [<-受信][stage=9][event=7][signal=2H][STX]
[SIGNAL] 2026/05/26 11:03:41.114665 [<-受信][stage=9][event=9][signal=52H][]
[SIGNAL] 2026/05/26 11:03:41.115167 [<-受信][stage=9][event=9][signal=0H][]
[SIGNAL] 2026/05/26 11:03:41.115167 [<-受信][stage=9][event=7][signal=2H][STX]
[SIGNAL] 2026/05/26 11:03:41.115678 [<-受信][stage=9][event=9][signal=0H][]
[SIGNAL] 2026/05/26 11:03:41.116189 [<-受信][stage=9][event=9][signal=70H][]
[SIGNAL] 2026/05/26 11:03:41.116189 [<-受信][stage=9][event=9][signal=0H][]
[SIGNAL] 2026/05/26 11:03:41.116701 [<-受信][stage=9][event=9][signal=0H][]
[SIGNAL] 2026/05/26 11:03:41.116701 [<-受信][stage=9][event=9][signal=0H][]
[SIGNAL] 2026/05/26 11:03:41.117212 [<-受信][stage=9][event=9][signal=0H][]
[SIGNAL] 2026/05/26 11:03:41.117212 [<-受信][stage=9][event=9][signal=0H][]
[SIGNAL] 2026/05/26 11:03:41.117212 [<-受信][stage=9][event=9][signal=0H][]
[SIGNAL] 2026/05/26 11:03:41.117212 [<-受信][stage=9][event=9][signal=0H][]
[SIGNAL] 2026/05/26 11:03:41.118212 [<-受信][stage=9][event=9][signal=0H][]
[SIGNAL] 2026/05/26 11:03:41.118715 [<-受信][stage=9][event=9][signal=0H][]
[SIGNAL] 2026/05/26 11:03:41.119225 [<-受信][stage=9][event=9][signal=0H][]
[SIGNAL] 2026/05/26 11:03:41.119225 [<-受信][stage=9][event=9][signal=0H][]
[SIGNAL] 2026/05/26 11:03:41.119742 [<-受信][stage=9][event=9][signal=0H][]
[SIGNAL] 2026/05/26 11:03:41.120268 [<-受信][stage=9][event=9][signal=0H][]
[SIGNAL] 2026/05/26 11:03:41.120832 [<-受信][stage=9][event=9][signal=0H][]
[SIGNAL] 2026/05/26 11:03:41.120832 [<-受信][stage=10][event=2][signal=10H][DLE]
[SIGNAL] 2026/05/26 11:03:41.121341 [<-受信][stage=10][event=8][signal=3H][ETX]
[SIGNAL] 2026/05/26 11:03:41.121902 [<-受信][stage=11][event=9][signal=33H][]
[SIGNAL] 2026/05/26 11:03:41.121902 [->送信][stage=11][event=2][signal=10H][DLE]
[SIGNAL] 2026/05/26 11:03:41.121902 [->送信][stage=11][event=4][signal=31H][1]
[SIGNAL] 2026/05/26 11:03:41.122901 [<-受信][stage=12][event=0][signal=4H][EOT]
[SIGNAL] 2026/05/26 11:03:42.125365 [->送信][stage=0][event=1][signal=5H][ENQ]
[SIGNAL] 2026/05/26 11:03:42.125922 [<-受信][stage=2][event=2][signal=10H][DLE]
[SIGNAL] 2026/05/26 11:03:42.126473 [<-受信][stage=3][event=3][signal=30H][0]
[SIGNAL] 2026/05/26 11:03:42.126992 [->送信][stage=3][event=2][signal=10H][DLE]
[SIGNAL] 2026/05/26 11:03:42.127559 [->送信][stage=3][event=7][signal=2H][STX]
[SIGNAL] 2026/05/26 11:03:42.127559 [->送信][stage=3][event=3][signal=30H][0]
[SIGNAL] 2026/05/26 11:03:42.127559 [->送信][stage=3][event=9][signal=1H][]
[SIGNAL] 2026/05/26 11:03:42.127559 [->送信][stage=3][event=9][signal=1H][]
[SIGNAL] 2026/05/26 11:03:42.128557 [->送信][stage=3][event=9][signal=1H][]
[SIGNAL] 2026/05/26 11:03:42.129059 [->送信][stage=3][event=9][signal=1H][]
[SIGNAL] 2026/05/26 11:03:42.129059 [->送信][stage=3][event=9][signal=1H][]
[SIGNAL] 2026/05/26 11:03:42.129059 [->送信][stage=3][event=2][signal=10H][DLE]
[SIGNAL] 2026/05/26 11:03:42.129059 [->送信][stage=3][event=8][signal=3H][ETX]
[SIGNAL] 2026/05/26 11:03:42.130058 [->送信][stage=3][event=9][signal=22H][]
[SIGNAL] 2026/05/26 11:03:42.130058 [<-受信][stage=4][event=2][signal=10H][DLE]
[SIGNAL] 2026/05/26 11:03:42.130561 [<-受信][stage=5][event=4][signal=31H][1]
[SIGNAL] 2026/05/26 11:03:42.130561 [->送信][stage=5][event=0][signal=4H][EOT]
[SIGNAL] 2026/05/26 11:03:42.138208 [<-受信][stage=0][event=1][signal=5H][ENQ]
[SIGNAL] 2026/05/26 11:03:42.138208 [->送信][stage=0][event=2][signal=10H][DLE]
[SIGNAL] 2026/05/26 11:03:42.138208 [->送信][stage=0][event=3][signal=30H][0]
[SIGNAL] 2026/05/26 11:03:42.139748 [<-受信][stage=6][event=2][signal=10H][DLE]
[SIGNAL] 2026/05/26 11:03:42.139748 [<-受信][stage=9][event=7][signal=2H][STX]
[SIGNAL] 2026/05/26 11:03:42.140748 [<-受信][stage=9][event=3][signal=30H][0]
[SIGNAL] 2026/05/26 11:03:42.141251 [<-受信][stage=9][event=0][signal=4H][EOT]
[SIGNAL] 2026/05/26 11:03:42.141830 [<-受信][stage=9][event=7][signal=2H][STX]
[SIGNAL] 2026/05/26 11:03:42.141830 [<-受信][stage=9][event=9][signal=0H][]
[SIGNAL] 2026/05/26 11:03:42.142345 [<-受信][stage=9][event=9][signal=70H][]
[SIGNAL] 2026/05/26 11:03:42.142876 [<-受信][stage=9][event=9][signal=0H][]
[SIGNAL] 2026/05/26 11:03:42.143921 [<-受信][stage=9][event=9][signal=0H][]
[SIGNAL] 2026/05/26 11:03:42.144454 [<-受信][stage=10][event=2][signal=10H][DLE]
[SIGNAL] 2026/05/26 11:03:42.144454 [<-受信][stage=10][event=8][signal=3H][ETX]
[SIGNAL] 2026/05/26 11:03:42.144991 [<-受信][stage=11][event=9][signal=55H][]
[SIGNAL] 2026/05/26 11:03:42.144991 [->送信][stage=11][event=2][signal=10H][DLE]
[SIGNAL] 2026/05/26 11:03:42.144991 [->送信][stage=11][event=4][signal=31H][1]
[SIGNAL] 2026/05/26 11:03:42.145500 [<-受信][stage=12][event=0][signal=4H][EOT]
[SIGNAL] 2026/05/26 11:03:48.636895 [<-受信][stage=0][event=1][signal=5H][ENQ]
[SIGNAL] 2026/05/26 11:03:48.637893 [->送信][stage=0][event=2][signal=10H][DLE]
[SIGNAL] 2026/05/26 11:03:48.638397 [->送信][stage=0][event=3][signal=30H][0]
[SIGNAL] 2026/05/26 11:03:48.639395 [<-受信][stage=6][event=2][signal=10H][DLE]
[SIGNAL] 2026/05/26 11:03:48.639395 [<-受信][stage=9][event=7][signal=2H][STX]
[SIGNAL] 2026/05/26 11:03:48.639898 [<-受信][stage=9][event=3][signal=30H][0]
[SIGNAL] 2026/05/26 11:03:48.639898 [<-受信][stage=9][event=9][signal=0H][]
[SIGNAL] 2026/05/26 11:03:48.639898 [<-受信][stage=9][event=0][signal=4H][EOT]
[SIGNAL] 2026/05/26 11:03:48.639898 [<-受信][stage=9][event=9][signal=0H][]
[SIGNAL] 2026/05/26 11:03:48.639898 [<-受信][stage=9][event=9][signal=70H][]
[SIGNAL] 2026/05/26 11:03:48.639898 [<-受信][stage=9][event=9][signal=0H][]
[SIGNAL] 2026/05/26 11:03:48.640897 [<-受信][stage=9][event=9][signal=0H][]
[SIGNAL] 2026/05/26 11:03:48.641403 [<-受信][stage=10][event=2][signal=10H][DLE]
[SIGNAL] 2026/05/26 11:03:48.641923 [<-受信][stage=10][event=8][signal=3H][ETX]
[SIGNAL] 2026/05/26 11:03:48.641923 [<-受信][stage=11][event=9][signal=57H][]
[SIGNAL] 2026/05/26 11:03:48.642443 [->送信][stage=11][event=2][signal=10H][DLE]
[SIGNAL] 2026/05/26 11:03:48.642977 [->送信][stage=11][event=4][signal=31H][1]
[SIGNAL] 2026/05/26 11:03:48.642977 [<-受信][stage=12][event=0][signal=4H][EOT]
[SIGNAL] 2026/05/26 11:03:49.649489 [->送信][stage=0][event=1][signal=5H][ENQ]
[SIGNAL] 2026/05/26 11:03:49.650557 [<-受信][stage=2][event=2][signal=10H][DLE]
[SIGNAL] 2026/05/26 11:03:49.650557 [<-受信][stage=3][event=3][signal=30H][0]
[SIGNAL] 2026/05/26 11:03:49.650557 [->送信][stage=3][event=2][signal=10H][DLE]
[SIGNAL] 2026/05/26 11:03:49.651067 [->送信][stage=3][event=7][signal=2H][STX]
[SIGNAL] 2026/05/26 11:03:49.651067 [->送信][stage=3][event=4][signal=31H][1]
[SIGNAL] 2026/05/26 11:03:49.651613 [->送信][stage=3][event=9][signal=1H][]
[SIGNAL] 2026/05/26 11:03:49.651613 [->送信][stage=3][event=9][signal=1H][]
[SIGNAL] 2026/05/26 11:03:49.652128 [->送信][stage=3][event=9][signal=1H][]
[SIGNAL] 2026/05/26 11:03:49.652128 [->送信][stage=3][event=9][signal=1H][]
[SIGNAL] 2026/05/26 11:03:49.652654 [->送信][stage=3][event=9][signal=1H][]
[SIGNAL] 2026/05/26 11:03:49.652654 [->送信][stage=3][event=9][signal=50H][]
[SIGNAL] 2026/05/26 11:03:49.652654 [->送信][stage=3][event=2][signal=10H][DLE]
[SIGNAL] 2026/05/26 11:03:49.653162 [->送信][stage=3][event=8][signal=3H][ETX]
[SIGNAL] 2026/05/26 11:03:49.653162 [->送信][stage=3][event=9][signal=73H][]
[SIGNAL] 2026/05/26 11:03:49.653162 [<-受信][stage=4][event=2][signal=10H][DLE]
[SIGNAL] 2026/05/26 11:03:49.653162 [<-受信][stage=5][event=4][signal=31H][1]
[SIGNAL] 2026/05/26 11:03:49.653696 [->送信][stage=5][event=0][signal=4H][EOT]
[SIGNAL] 2026/05/26 11:03:49.662330 [<-受信][stage=0][event=1][signal=5H][ENQ]
[SIGNAL] 2026/05/26 11:03:49.662838 [->送信][stage=0][event=2][signal=10H][DLE]
[SIGNAL] 2026/05/26 11:03:49.663351 [->送信][stage=0][event=3][signal=30H][0]
[SIGNAL] 2026/05/26 11:03:49.664389 [<-受信][stage=6][event=2][signal=10H][DLE]
[SIGNAL] 2026/05/26 11:03:49.664389 [<-受信][stage=9][event=7][signal=2H][STX]
[SIGNAL] 2026/05/26 11:03:49.664900 [<-受信][stage=9][event=4][signal=31H][1]
[SIGNAL] 2026/05/26 11:03:49.664900 [<-受信][stage=9][event=0][signal=4H][EOT]
[SIGNAL] 2026/05/26 11:03:49.664900 [<-受信][stage=9][event=0][signal=4H][EOT]
[SIGNAL] 2026/05/26 11:03:49.664900 [<-受信][stage=9][event=9][signal=0H][]
[SIGNAL] 2026/05/26 11:03:49.665899 [<-受信][stage=9][event=9][signal=70H][]
[SIGNAL] 2026/05/26 11:03:49.666402 [<-受信][stage=9][event=9][signal=0H][]
[SIGNAL] 2026/05/26 11:03:49.666402 [<-受信][stage=9][event=9][signal=0H][]
[SIGNAL] 2026/05/26 11:03:49.666911 [<-受信][stage=10][event=2][signal=10H][DLE]
[SIGNAL] 2026/05/26 11:03:49.666911 [<-受信][stage=10][event=8][signal=3H][ETX]
[SIGNAL] 2026/05/26 11:03:49.667424 [<-受信][stage=11][event=9][signal=52H][]
[SIGNAL] 2026/05/26 11:03:49.667424 [->送信][stage=11][event=2][signal=10H][DLE]
[SIGNAL] 2026/05/26 11:03:49.667950 [->送信][stage=11][event=4][signal=31H][1]
[SIGNAL] 2026/05/26 11:03:49.667950 [<-受信][stage=12][event=0][signal=4H][EOT]
[SIGNAL] 2026/05/26 11:03:50.670254 [->送信][stage=0][event=1][signal=5H][ENQ]
[SIGNAL] 2026/05/26 11:03:50.671252 [<-受信][stage=2][event=2][signal=10H][DLE]
[SIGNAL] 2026/05/26 11:03:50.671252 [<-受信][stage=3][event=3][signal=30H][0]
[SIGNAL] 2026/05/26 11:03:50.671252 [->送信][stage=3][event=2][signal=10H][DLE]
[SIGNAL] 2026/05/26 11:03:50.671754 [->送信][stage=3][event=7][signal=2H][STX]
[SIGNAL] 2026/05/26 11:03:50.671754 [->送信][stage=3][event=9][signal=50H][]
[SIGNAL] 2026/05/26 11:03:50.671754 [->送信][stage=3][event=9][signal=1H][]
[SIGNAL] 2026/05/26 11:03:50.671754 [->送信][stage=3][event=9][signal=1H][]
[SIGNAL] 2026/05/26 11:03:50.671754 [->送信][stage=3][event=9][signal=1H][]
[SIGNAL] 2026/05/26 11:03:50.672753 [->送信][stage=3][event=9][signal=1H][]
[SIGNAL] 2026/05/26 11:03:50.672753 [->送信][stage=3][event=9][signal=1H][]
[SIGNAL] 2026/05/26 11:03:50.673255 [->送信][stage=3][event=2][signal=10H][DLE]
[SIGNAL] 2026/05/26 11:03:50.673255 [->送信][stage=3][event=8][signal=3H][ETX]
[SIGNAL] 2026/05/26 11:03:50.673255 [->送信][stage=3][event=9][signal=42H][]
[SIGNAL] 2026/05/26 11:03:50.674256 [<-受信][stage=4][event=2][signal=10H][DLE]
[SIGNAL] 2026/05/26 11:03:50.674760 [<-受信][stage=5][event=4][signal=31H][1]
[SIGNAL] 2026/05/26 11:03:50.674760 [->送信][stage=5][event=0][signal=4H][EOT]
[SIGNAL] 2026/05/26 11:03:50.683558 [<-受信][stage=0][event=1][signal=5H][ENQ]
[SIGNAL] 2026/05/26 11:03:50.683558 [->送信][stage=0][event=2][signal=10H][DLE]
[SIGNAL] 2026/05/26 11:03:50.683558 [->送信][stage=0][event=3][signal=30H][0]
[SIGNAL] 2026/05/26 11:03:50.690661 [<-受信][stage=6][event=2][signal=10H][DLE]
[SIGNAL] 2026/05/26 11:03:50.691164 [<-受信][stage=9][event=7][signal=2H][STX]
[SIGNAL] 2026/05/26 11:03:50.691493 [<-受信][stage=9][event=9][signal=50H][]
[SIGNAL] 2026/05/26 11:03:50.691493 [<-受信][stage=9][event=9][signal=0H][]
[SIGNAL] 2026/05/26 11:03:50.691493 [<-受信][stage=9][event=0][signal=4H][EOT]
[SIGNAL] 2026/05/26 11:03:50.692002 [<-受信][stage=9][event=9][signal=0H][]
[SIGNAL] 2026/05/26 11:03:50.692528 [<-受信][stage=9][event=9][signal=70H][]
[SIGNAL] 2026/05/26 11:03:50.692528 [<-受信][stage=9][event=9][signal=0H][]
[SIGNAL] 2026/05/26 11:03:50.692528 [<-受信][stage=9][event=9][signal=0H][]
[SIGNAL] 2026/05/26 11:03:50.692528 [<-受信][stage=9][event=9][signal=33H][]
[SIGNAL] 2026/05/26 11:03:50.693528 [<-受信][stage=9][event=9][signal=37H][]
[SIGNAL] 2026/05/26 11:03:50.694030 [<-受信][stage=9][event=9][signal=32H][]
[SIGNAL] 2026/05/26 11:03:50.694030 [<-受信][stage=9][event=9][signal=35H][]
[SIGNAL] 2026/05/26 11:03:50.694030 [<-受信][stage=9][event=9][signal=42H][]
[SIGNAL] 2026/05/26 11:03:50.694560 [<-受信][stage=9][event=9][signal=42H][]
[SIGNAL] 2026/05/26 11:03:50.695099 [<-受信][stage=9][event=4][signal=31H][1]
[SIGNAL] 2026/05/26 11:03:50.695099 [<-受信][stage=9][event=3][signal=30H][0]
[SIGNAL] 2026/05/26 11:03:50.695099 [<-受信][stage=9][event=4][signal=31H][1]
[SIGNAL] 2026/05/26 11:03:50.695619 [<-受信][stage=9][event=9][signal=33H][]
[SIGNAL] 2026/05/26 11:03:50.695619 [<-受信][stage=9][event=9][signal=20H][]
[SIGNAL] 2026/05/26 11:03:50.695619 [<-受信][stage=9][event=9][signal=0H][]
[SIGNAL] 2026/05/26 11:03:50.695619 [<-受信][stage=9][event=9][signal=33H][]
[SIGNAL] 2026/05/26 11:03:50.696129 [<-受信][stage=9][event=9][signal=37H][]
[SIGNAL] 2026/05/26 11:03:50.696129 [<-受信][stage=9][event=9][signal=32H][]
[SIGNAL] 2026/05/26 11:03:50.696129 [<-受信][stage=9][event=9][signal=35H][]
[SIGNAL] 2026/05/26 11:03:50.696129 [<-受信][stage=9][event=9][signal=42H][]
[SIGNAL] 2026/05/26 11:03:50.696639 [<-受信][stage=9][event=9][signal=35H][]
[SIGNAL] 2026/05/26 11:03:50.696639 [<-受信][stage=9][event=3][signal=30H][0]
[SIGNAL] 2026/05/26 11:03:50.696639 [<-受信][stage=9][event=4][signal=31H][1]
[SIGNAL] 2026/05/26 11:03:50.696639 [<-受信][stage=9][event=4][signal=31H][1]
[SIGNAL] 2026/05/26 11:03:50.697270 [<-受信][stage=9][event=9][signal=32H][]
[SIGNAL] 2026/05/26 11:03:50.697270 [<-受信][stage=9][event=9][signal=41H][]
[SIGNAL] 2026/05/26 11:03:50.697270 [<-受信][stage=9][event=9][signal=0H][]
[SIGNAL] 2026/05/26 11:03:50.697270 [<-受信][stage=9][event=9][signal=42H][]
[SIGNAL] 2026/05/26 11:03:50.697270 [<-受信][stage=9][event=3][signal=30H][0]
[SIGNAL] 2026/05/26 11:03:50.697270 [<-受信][stage=9][event=3][signal=30H][0]
[SIGNAL] 2026/05/26 11:03:50.697270 [<-受信][stage=9][event=9][signal=38H][]
[SIGNAL] 2026/05/26 11:03:50.697270 [<-受信][stage=9][event=9][signal=41H][]
[SIGNAL] 2026/05/26 11:03:50.698268 [<-受信][stage=9][event=9][signal=44H][]
[SIGNAL] 2026/05/26 11:03:50.698268 [<-受信][stage=9][event=9][signal=58H][]
[SIGNAL] 2026/05/26 11:03:50.698268 [<-受信][stage=9][event=9][signal=52H][]
[SIGNAL] 2026/05/26 11:03:50.698268 [<-受信][stage=9][event=9][signal=20H][]
[SIGNAL] 2026/05/26 11:03:50.698770 [<-受信][stage=9][event=9][signal=4aH][]
[SIGNAL] 2026/05/26 11:03:50.698770 [<-受信][stage=9][event=9][signal=50H][]
[SIGNAL] 2026/05/26 11:03:50.698770 [<-受信][stage=9][event=9][signal=4eH][]
[SIGNAL] 2026/05/26 11:03:50.698770 [<-受信][stage=9][event=9][signal=20H][]
[SIGNAL] 2026/05/26 11:03:50.699277 [<-受信][stage=9][event=9][signal=56H][]
[SIGNAL] 2026/05/26 11:03:50.699277 [<-受信][stage=9][event=4][signal=31H][1]
[SIGNAL] 2026/05/26 11:03:50.699789 [<-受信][stage=9][event=3][signal=30H][0]
[SIGNAL] 2026/05/26 11:03:50.699789 [<-受信][stage=9][event=4][signal=31H][1]
[SIGNAL] 2026/05/26 11:03:50.700305 [<-受信][stage=9][event=9][signal=2dH][]
[SIGNAL] 2026/05/26 11:03:50.700305 [<-受信][stage=9][event=9][signal=32H][]
[SIGNAL] 2026/05/26 11:03:50.700305 [<-受信][stage=9][event=9][signal=35H][]
[SIGNAL] 2026/05/26 11:03:50.700305 [<-受信][stage=9][event=9][signal=20H][]
[SIGNAL] 2026/05/26 11:03:50.700305 [<-受信][stage=9][event=4][signal=31H][1]
[SIGNAL] 2026/05/26 11:03:50.700305 [<-受信][stage=9][event=9][signal=38H][]
[SIGNAL] 2026/05/26 11:03:50.701304 [<-受信][stage=9][event=9][signal=53H][]
[SIGNAL] 2026/05/26 11:03:50.701304 [<-受信][stage=9][event=9][signal=45H][]
[SIGNAL] 2026/05/26 11:03:50.701304 [<-受信][stage=9][event=9][signal=50H][]
[SIGNAL] 2026/05/26 11:03:50.701806 [<-受信][stage=9][event=9][signal=32H][]
[SIGNAL] 2026/05/26 11:03:50.701806 [<-受信][stage=9][event=9][signal=34H][]
[SIGNAL] 2026/05/26 11:03:50.701806 [<-受信][stage=9][event=9][signal=20H][]
[SIGNAL] 2026/05/26 11:03:50.701806 [<-受信][stage=9][event=9][signal=20H][]
[SIGNAL] 2026/05/26 11:03:50.701806 [<-受信][stage=9][event=9][signal=20H][]
[SIGNAL] 2026/05/26 11:03:50.701806 [<-受信][stage=9][event=9][signal=20H][]
[SIGNAL] 2026/05/26 11:03:50.702805 [<-受信][stage=9][event=9][signal=20H][]
[SIGNAL] 2026/05/26 11:03:50.702805 [<-受信][stage=9][event=9][signal=20H][]
[SIGNAL] 2026/05/26 11:03:50.702805 [<-受信][stage=9][event=9][signal=20H][]
[SIGNAL] 2026/05/26 11:03:50.703307 [<-受信][stage=9][event=9][signal=20H][]
[SIGNAL] 2026/05/26 11:03:50.703307 [<-受信][stage=9][event=9][signal=20H][]
[SIGNAL] 2026/05/26 11:03:50.703307 [<-受信][stage=9][event=9][signal=20H][]
[SIGNAL] 2026/05/26 11:03:50.703831 [<-受信][stage=9][event=9][signal=20H][]
[SIGNAL] 2026/05/26 11:03:50.703831 [<-受信][stage=9][event=9][signal=20H][]
[SIGNAL] 2026/05/26 11:03:50.703831 [<-受信][stage=9][event=9][signal=20H][]
[SIGNAL] 2026/05/26 11:03:50.704348 [<-受信][stage=9][event=9][signal=20H][]
[SIGNAL] 2026/05/26 11:03:50.704348 [<-受信][stage=9][event=9][signal=20H][]
[SIGNAL] 2026/05/26 11:03:50.704348 [<-受信][stage=9][event=9][signal=20H][]
[SIGNAL] 2026/05/26 11:03:50.704348 [<-受信][stage=9][event=9][signal=20H][]
[SIGNAL] 2026/05/26 11:03:50.705347 [<-受信][stage=9][event=9][signal=20H][]
[SIGNAL] 2026/05/26 11:03:50.705347 [<-受信][stage=9][event=9][signal=20H][]
[SIGNAL] 2026/05/26 11:03:50.705347 [<-受信][stage=9][event=9][signal=20H][]
[SIGNAL] 2026/05/26 11:03:50.705849 [<-受信][stage=9][event=9][signal=20H][]
[SIGNAL] 2026/05/26 11:03:50.705849 [<-受信][stage=9][event=9][signal=20H][]
[SIGNAL] 2026/05/26 11:03:50.706362 [<-受信][stage=9][event=9][signal=20H][]
[SIGNAL] 2026/05/26 11:03:50.706915 [<-受信][stage=9][event=9][signal=20H][]
[SIGNAL] 2026/05/26 11:03:50.706915 [<-受信][stage=9][event=9][signal=20H][]
[SIGNAL] 2026/05/26 11:03:50.707444 [<-受信][stage=9][event=9][signal=20H][]
[SIGNAL] 2026/05/26 11:03:50.707972 [<-受信][stage=9][event=9][signal=20H][]
[SIGNAL] 2026/05/26 11:03:50.708493 [<-受信][stage=9][event=9][signal=20H][]
[SIGNAL] 2026/05/26 11:03:50.709008 [<-受信][stage=9][event=9][signal=20H][]
[SIGNAL] 2026/05/26 11:03:50.709574 [<-受信][stage=9][event=9][signal=20H][]
[SIGNAL] 2026/05/26 11:03:50.710095 [<-受信][stage=9][event=9][signal=20H][]
[SIGNAL] 2026/05/26 11:03:50.710095 [<-受信][stage=9][event=9][signal=20H][]
[SIGNAL] 2026/05/26 11:03:50.710644 [<-受信][stage=9][event=9][signal=20H][]
[SIGNAL] 2026/05/26 11:03:50.710644 [<-受信][stage=9][event=9][signal=20H][]
[SIGNAL] 2026/05/26 11:03:50.711160 [<-受信][stage=9][event=9][signal=20H][]
[SIGNAL] 2026/05/26 11:03:50.711520 [<-受信][stage=9][event=9][signal=20H][]
[SIGNAL] 2026/05/26 11:03:50.711520 [<-受信][stage=9][event=9][signal=20H][]
[SIGNAL] 2026/05/26 11:03:50.711520 [<-受信][stage=9][event=9][signal=20H][]
[SIGNAL] 2026/05/26 11:03:50.712110 [<-受信][stage=9][event=9][signal=20H][]
[SIGNAL] 2026/05/26 11:03:50.712110 [<-受信][stage=9][event=9][signal=0H][]
[SIGNAL] 2026/05/26 11:03:50.712621 [<-受信][stage=9][event=3][signal=30H][0]
[SIGNAL] 2026/05/26 11:03:50.712621 [<-受信][stage=9][event=3][signal=30H][0]
[SIGNAL] 2026/05/26 11:03:50.712621 [<-受信][stage=9][event=3][signal=30H][0]
[SIGNAL] 2026/05/26 11:03:50.713623 [<-受信][stage=9][event=3][signal=30H][0]
[SIGNAL] 2026/05/26 11:03:50.713623 [<-受信][stage=9][event=3][signal=30H][0]
[SIGNAL] 2026/05/26 11:03:50.714129 [<-受信][stage=9][event=3][signal=30H][0]
[SIGNAL] 2026/05/26 11:03:50.714688 [<-受信][stage=9][event=3][signal=30H][0]
[SIGNAL] 2026/05/26 11:03:50.714688 [<-受信][stage=9][event=9][signal=37H][]
[SIGNAL] 2026/05/26 11:03:50.715218 [<-受信][stage=9][event=9][signal=32H][]
[SIGNAL] 2026/05/26 11:03:50.715218 [<-受信][stage=9][event=9][signal=34H][]
[SIGNAL] 2026/05/26 11:03:50.715218 [<-受信][stage=9][event=4][signal=31H][1]
[SIGNAL] 2026/05/26 11:03:50.715731 [<-受信][stage=9][event=3][signal=30H][0]
[SIGNAL] 2026/05/26 11:03:50.715731 [<-受信][stage=9][event=3][signal=30H][0]
[SIGNAL] 2026/05/26 11:03:50.715731 [<-受信][stage=9][event=3][signal=30H][0]
[SIGNAL] 2026/05/26 11:03:50.716287 [<-受信][stage=9][event=3][signal=30H][0]
[SIGNAL] 2026/05/26 11:03:50.716287 [<-受信][stage=9][event=3][signal=30H][0]
[SIGNAL] 2026/05/26 11:03:50.716287 [<-受信][stage=9][event=3][signal=30H][0]
[SIGNAL] 2026/05/26 11:03:50.716812 [<-受信][stage=9][event=9][signal=34H][]
[SIGNAL] 2026/05/26 11:03:50.716812 [<-受信][stage=9][event=9][signal=0H][]
[SIGNAL] 2026/05/26 11:03:50.716812 [<-受信][stage=9][event=9][signal=0H][]
[SIGNAL] 2026/05/26 11:03:50.716812 [<-受信][stage=9][event=9][signal=2aH][]
[SIGNAL] 2026/05/26 11:03:50.716812 [<-受信][stage=9][event=9][signal=2aH][]
[SIGNAL] 2026/05/26 11:03:50.716812 [<-受信][stage=9][event=9][signal=2aH][]
[SIGNAL] 2026/05/26 11:03:50.717812 [<-受信][stage=9][event=9][signal=2aH][]
[SIGNAL] 2026/05/26 11:03:50.717812 [<-受信][stage=9][event=9][signal=2aH][]
[SIGNAL] 2026/05/26 11:03:50.717812 [<-受信][stage=9][event=9][signal=2aH][]
[SIGNAL] 2026/05/26 11:03:50.718314 [<-受信][stage=9][event=9][signal=2aH][]
[SIGNAL] 2026/05/26 11:03:50.718314 [<-受信][stage=9][event=9][signal=2aH][]
[SIGNAL] 2026/05/26 11:03:50.718829 [<-受信][stage=9][event=9][signal=2aH][]
[SIGNAL] 2026/05/26 11:03:50.718829 [<-受信][stage=9][event=9][signal=2aH][]
[SIGNAL] 2026/05/26 11:03:50.718829 [<-受信][stage=9][event=9][signal=2aH][]
[SIGNAL] 2026/05/26 11:03:50.719339 [<-受信][stage=9][event=9][signal=2aH][]
[SIGNAL] 2026/05/26 11:03:50.719339 [<-受信][stage=9][event=3][signal=30H][0]
[SIGNAL] 2026/05/26 11:03:50.719339 [<-受信][stage=9][event=9][signal=aH][]
[SIGNAL] 2026/05/26 11:03:50.719339 [<-受信][stage=9][event=9][signal=0H][]
[SIGNAL] 2026/05/26 11:03:50.719851 [<-受信][stage=9][event=9][signal=a0H][]
[SIGNAL] 2026/05/26 11:03:50.719851 [<-受信][stage=9][event=9][signal=5eH][]
[SIGNAL] 2026/05/26 11:03:50.719851 [<-受信][stage=9][event=9][signal=47H][]
[SIGNAL] 2026/05/26 11:03:50.719851 [<-受信][stage=9][event=9][signal=4bH][]
[SIGNAL] 2026/05/26 11:03:50.720368 [<-受信][stage=9][event=9][signal=0H][]
[SIGNAL] 2026/05/26 11:03:50.720368 [<-受信][stage=9][event=4][signal=31H][1]
[SIGNAL] 2026/05/26 11:03:50.720368 [<-受信][stage=9][event=9][signal=60H][]
[SIGNAL] 2026/05/26 11:03:50.720368 [<-受信][stage=9][event=9][signal=8cH][]
[SIGNAL] 2026/05/26 11:03:50.720883 [<-受信][stage=9][event=9][signal=64H][]
[SIGNAL] 2026/05/26 11:03:50.720883 [<-受信][stage=9][event=9][signal=c8H][]
[SIGNAL] 2026/05/26 11:03:50.720883 [<-受信][stage=9][event=9][signal=0H][]
[SIGNAL] 2026/05/26 11:03:50.720883 [<-受信][stage=9][event=9][signal=0H][]
[SIGNAL] 2026/05/26 11:03:50.721389 [<-受信][stage=9][event=9][signal=0H][]
[SIGNAL] 2026/05/26 11:03:50.721389 [<-受信][stage=10][event=2][signal=10H][DLE]
[SIGNAL] 2026/05/26 11:03:50.721389 [<-受信][stage=10][event=8][signal=3H][ETX]
[SIGNAL] 2026/05/26 11:03:50.721389 [<-受信][stage=11][event=9][signal=b9H][]
[SIGNAL] 2026/05/26 11:03:50.721895 [->送信][stage=11][event=2][signal=10H][DLE]
[SIGNAL] 2026/05/26 11:03:50.721895 [->送信][stage=11][event=4][signal=31H][1]
[SIGNAL] 2026/05/26 11:03:50.721895 [<-受信][stage=12][event=0][signal=4H][EOT]
[SIGNAL] 2026/05/26 11:03:51.709989 [->送信][stage=0][event=1][signal=5H][ENQ]
[SIGNAL] 2026/05/26 11:03:51.710494 [<-受信][stage=2][event=2][signal=10H][DLE]
[SIGNAL] 2026/05/26 11:03:51.711037 [<-受信][stage=3][event=3][signal=30H][0]
[SIGNAL] 2026/05/26 11:03:51.711037 [->送信][stage=3][event=2][signal=10H][DLE]
[SIGNAL] 2026/05/26 11:03:51.711547 [->送信][stage=3][event=7][signal=2H][STX]
[SIGNAL] 2026/05/26 11:03:51.711547 [->送信][stage=3][event=9][signal=51H][]
[SIGNAL] 2026/05/26 11:03:51.712068 [->送信][stage=3][event=9][signal=1H][]
[SIGNAL] 2026/05/26 11:03:51.712068 [->送信][stage=3][event=9][signal=1H][]
[SIGNAL] 2026/05/26 11:03:51.712068 [->送信][stage=3][event=9][signal=1H][]
[SIGNAL] 2026/05/26 11:03:51.712581 [->送信][stage=3][event=9][signal=1H][]
[SIGNAL] 2026/05/26 11:03:51.712581 [->送信][stage=3][event=9][signal=1H][]
[SIGNAL] 2026/05/26 11:03:51.712581 [->送信][stage=3][event=2][signal=10H][DLE]
[SIGNAL] 2026/05/26 11:03:51.713094 [->送信][stage=3][event=8][signal=3H][ETX]
[SIGNAL] 2026/05/26 11:03:51.713094 [->送信][stage=3][event=9][signal=43H][]
[SIGNAL] 2026/05/26 11:03:51.713094 [<-受信][stage=4][event=2][signal=10H][DLE]
[SIGNAL] 2026/05/26 11:03:51.713094 [<-受信][stage=5][event=4][signal=31H][1]
[SIGNAL] 2026/05/26 11:03:51.713094 [->送信][stage=5][event=0][signal=4H][EOT]
[SIGNAL] 2026/05/26 11:03:51.722098 [<-受信][stage=0][event=1][signal=5H][ENQ]
[SIGNAL] 2026/05/26 11:03:51.722098 [->送信][stage=0][event=2][signal=10H][DLE]
[SIGNAL] 2026/05/26 11:03:51.722098 [->送信][stage=0][event=3][signal=30H][0]
[SIGNAL] 2026/05/26 11:03:51.725034 [<-受信][stage=6][event=2][signal=10H][DLE]
[SIGNAL] 2026/05/26 11:03:51.725552 [<-受信][stage=9][event=7][signal=2H][STX]
[SIGNAL] 2026/05/26 11:03:51.726087 [<-受信][stage=9][event=9][signal=51H][]
[SIGNAL] 2026/05/26 11:03:51.726605 [<-受信][stage=9][event=9][signal=0H][]
[SIGNAL] 2026/05/26 11:03:51.726605 [<-受信][stage=9][event=0][signal=4H][EOT]
[SIGNAL] 2026/05/26 11:03:51.727605 [<-受信][stage=9][event=9][signal=0H][]
[SIGNAL] 2026/05/26 11:03:51.728109 [<-受信][stage=9][event=9][signal=70H][]
[SIGNAL] 2026/05/26 11:03:51.728109 [<-受信][stage=9][event=9][signal=0H][]
[SIGNAL] 2026/05/26 11:03:51.728109 [<-受信][stage=9][event=9][signal=0H][]
[SIGNAL] 2026/05/26 11:03:51.728631 [<-受信][stage=9][event=9][signal=40H][]
[SIGNAL] 2026/05/26 11:03:51.728631 [<-受信][stage=9][event=9][signal=20H][]
[SIGNAL] 2026/05/26 11:03:51.729144 [<-受信][stage=9][event=9][signal=0H][]
[SIGNAL] 2026/05/26 11:03:51.729144 [<-受信][stage=9][event=9][signal=0H][]
[SIGNAL] 2026/05/26 11:03:51.729144 [<-受信][stage=10][event=2][signal=10H][DLE]
[SIGNAL] 2026/05/26 11:03:51.729668 [<-受信][stage=10][event=2][signal=10H][DLE]
[SIGNAL] 2026/05/26 11:03:51.729668 [<-受信][stage=10][event=2][signal=10H][DLE]
[SIGNAL] 2026/05/26 11:03:51.730244 [<-受信][stage=10][event=8][signal=3H][ETX]
[SIGNAL] 2026/05/26 11:03:51.730244 [<-受信][stage=11][event=9][signal=46H][]
[SIGNAL] 2026/05/26 11:03:51.730244 [->送信][stage=11][event=2][signal=10H][DLE]
[SIGNAL] 2026/05/26 11:03:51.730757 [->送信][stage=11][event=4][signal=31H][1]
[SIGNAL] 2026/05/26 11:03:51.730757 [<-受信][stage=12][event=0][signal=4H][EOT]
