[DEBUG] 2026/05/26 11:03:36.309369 (MQTT) Publish,/almex/function/syslog/request_log,{"forceEncrypt":false,"generateDate":20260526,"generateTime":110336308,"logData":"","logLevel":"DEBUG","logSummary":"サービス停止(サーマルプリンタ制御)","requestId":"ALPS0003"}
[TRACE] 2026/05/26 11:03:36.409077 (printerHandler) MonitorStop 印刷モニター停止要求  IN(0a780ac904010001)
[TRACE] 2026/05/26 11:03:36.409077 (printerHandler) MonitorStop 印刷モニター停止要求  STEP1
[TRACE] 2026/05/26 11:03:36.409077 (printerHandler) MonitorStop 印刷モニター停止要求  STEP2
[TRACE] 2026/05/26 11:03:36.409077 (printerHandler) MonitorStop 印刷モニター停止要求  STEP3
[TRACE] 2026/05/26 11:03:36.409077 (printerHandler) MonitorStop 印刷モニター停止要求  OUT(0a780ac904010001)
[INFO ] 2026/05/26 11:03:39.906049 (BOOT) almex_prints_np3911 version 110.3.29.114
[TRACE] 2026/05/26 11:03:39.921735 (MQTT) Mqttconnect IN
[DEBUG] 2026/05/26 11:03:39.925835 (MQTT) Broker Connected
[TRACE] 2026/05/26 11:03:39.926845 (MQTT) Broker Connected.client  OUT
[TRACE] 2026/05/26 11:03:39.927356 (MQTT) Mqttconnect OUT
[DEBUG] 2026/05/26 11:03:40.023479 (MQTT) Publish,/almex/device/prints/notice_status,{"deviceNo":"0a780ac904010001","monitorMode":false,"printerName":"NPI Integration Driver","statusError":false,"statusLine":false,"statusOnline":false,"statusPaperEnd":false,"statusPaperNear":false,"statusPaperWait":false,"statusReady":false}
[DEBUG] 2026/05/26 11:03:40.023991 (MQTT) Publish,/almex/function/syslog/request_log,{"forceEncrypt":false,"generateDate":20260526,"generateTime":110340023,"logData":"","logLevel":"DEBUG","logSummary":"サービス開始(サーマルプリンタ制御)","requestId":"ALPS0001"}
[DEBUG] 2026/05/26 11:03:40.042077 (p *printerStatusController) cbPrinterStatus IN deviceNo:0a780ac904010001, statusReady:true, statusLine:true, printerStatus:0, deviceErrorCode:0
[DEBUG] 2026/05/26 11:03:40.042077 (MQTT) Publish,/almex/function/syslog/request_log,{"forceEncrypt":false,"generateDate":20260526,"generateTime":110340042,"logData":"サーマルプリンタ,NP3911,0a780ac904010001","logLevel":"DEBUG","logSummary":"サーマルプリンタ回線接続","requestId":"ALPS0021"}
[DEBUG] 2026/05/26 11:03:40.042593 (MQTT) Publish,/almex/device/prints/notice_status,{"deviceNo":"0a780ac904010001","monitorMode":false,"printerName":"NPI Integration Driver","statusError":true,"statusLine":true,"statusOnline":true,"statusPaperEnd":false,"statusPaperNear":false,"statusPaperWait":false,"statusReady":true}
[DEBUG] 2026/05/26 11:03:40.042593 (p *printerStatusController) cbPrinterStatus OUT(true)
[DEBUG] 2026/05/26 11:03:40.043102 (MQTT) Publish,/almex/function/syslog/request_log,{"forceEncrypt":false,"generateDate":20260526,"generateTime":110340042,"logData":"サーマルプリンタ,NP3911,0a780ac904010001(StatusReady:true,monitorMode:false,monitorId:,monitorId:,StatusLine:true,statusOnline:true,statusOnline:true,StatusError:true,statusPaperWait:false,statusPaperEnd:false,statusPaperNear:false,errorHead:false,errorBezelConn:false,errorBezelJam:false,errorBezelPaper:false,errorCutter:false,errorCover:false,errorBlackMark:false)","logLevel":"DEBUG","logSummary":"サーマルプリンタステータス通知","requestId":"ALPS0300"}
[DEBUG] 2026/05/26 11:03:41.147587 (MQTT) Receive,/almex/device/prints/request_device,{"ipAddrTbl":[],"requestInfo":{"processId":"000029EC","requestId":"printerthermal01_0001"},"useCode":1}
[DEBUG] 2026/05/26 11:03:41.148104 (MQTT) Receive,/almex/device/prints/request_device,{"ipAddrTbl":[],"requestInfo":{"processId":"000029EC","requestId":"printerthermal01_0001"},"useCode":2}
[DEBUG] 2026/05/26 11:03:41.149103 (MQTT) Receive,/almex/device/prints/request_device,{"ipAddrTbl":[],"requestInfo":{"processId":"000029EC","requestId":"printerthermal01_0001"},"useCode":3}
[DEBUG] 2026/05/26 11:03:41.150122 (MQTT) Receive,/almex/device/prints/request_device,{"ipAddrTbl":[],"requestInfo":{"processId":"000029EC","requestId":"printerthermal01_0001"},"useCode":4}
[DEBUG] 2026/05/26 11:03:41.150636 (MQTT) Publish,/almex/device/prints/result_device,{"deviceTbl":[{"deviceName":"サーマルプリンタ","deviceNo":"0a780ac904010001","printerName":"NPI Integration Driver"}],"requestInfo":{"processId":"000029EC","requestId":"printerthermal01_0001"},"result":true}
[DEBUG] 2026/05/26 11:03:41.151161 (MQTT) Publish,/almex/function/syslog/request_log,{"forceEncrypt":false,"generateDate":20260526,"generateTime":110341150,"logData":"DeviceCount:1(サーマルプリンタ,0a780ac904010001)","logLevel":"DEBUG","logSummary":"サーマルプリンタデバイス取得要求","requestId":"ALPS0030"}
[DEBUG] 2026/05/26 11:03:41.161743 (MQTT) Publish,/almex/device/prints/result_device,{"deviceTbl":[{"deviceName":"サーマルプリンタ","deviceNo":"0a780ac904010001","printerName":"NPI Integration Driver"}],"requestInfo":{"processId":"000029EC","requestId":"printerthermal01_0001"},"result":true}
[DEBUG] 2026/05/26 11:03:41.161743 (MQTT) Publish,/almex/function/syslog/request_log,{"forceEncrypt":false,"generateDate":20260526,"generateTime":110341161,"logData":"DeviceCount:1(サーマルプリンタ,0a780ac904010001)","logLevel":"DEBUG","logSummary":"サーマルプリンタデバイス取得要求","requestId":"ALPS0030"}
[DEBUG] 2026/05/26 11:03:41.172375 (MQTT) Publish,/almex/device/prints/result_device,{"deviceTbl":[{"deviceName":"サーマルプリンタ","deviceNo":"0a780ac904010001","printerName":"NPI Integration Driver"}],"requestInfo":{"processId":"000029EC","requestId":"printerthermal01_0001"},"result":true}
[DEBUG] 2026/05/26 11:03:41.172877 (MQTT) Publish,/almex/function/syslog/request_log,{"forceEncrypt":false,"generateDate":20260526,"generateTime":110341172,"logData":"DeviceCount:1(サーマルプリンタ,0a780ac904010001)","logLevel":"DEBUG","logSummary":"サーマルプリンタデバイス取得要求","requestId":"ALPS0030"}
[DEBUG] 2026/05/26 11:03:41.182473 (MQTT) Publish,/almex/device/prints/result_device,{"deviceTbl":[{"deviceName":"サーマルプリンタ","deviceNo":"0a780ac904010001","printerName":"NPI Integration Driver"}],"requestInfo":{"processId":"000029EC","requestId":"printerthermal01_0001"},"result":true}
[DEBUG] 2026/05/26 11:03:41.182974 (MQTT) Publish,/almex/function/syslog/request_log,{"forceEncrypt":false,"generateDate":20260526,"generateTime":110341182,"logData":"DeviceCount:1(サーマルプリンタ,0a780ac904010001)","logLevel":"DEBUG","logSummary":"サーマルプリンタデバイス取得要求","requestId":"ALPS0030"}
[DEBUG] 2026/05/26 11:03:41.305273 (MQTT) Receive,/almex/device/prints/request_reset,{"deviceNo":"0a780ac904010001","requestInfo":{"processId":"000029EC","requestId":"printerthermal01_0002"}}
[DEBUG] 2026/05/26 11:03:41.307290 (MQTT) Receive,/almex/device/prints/request_status,{"deviceNo":"0a780ac904010001","requestInfo":{"processId":"000029EC","requestId":"printerthermal01_0006"}}
[DEBUG] 2026/05/26 11:03:41.308791 (MQTT) Receive,/almex/device/prints/request_device_info,{"deviceNo":"0a780ac904010001","requestInfo":{"processId":"000029EC","requestId":"printerthermal01_0007"}}
[DEBUG] 2026/05/26 11:03:41.310293 (MQTT) Receive,/almex/device/prints/request_reset,{"deviceNo":"0a780ac904010001","requestInfo":{"processId":"000029EC","requestId":"printerthermal01_0002"}}
[DEBUG] 2026/05/26 11:03:41.312390 (MQTT) Receive,/almex/device/prints/request_status,{"deviceNo":"0a780ac904010001","requestInfo":{"processId":"000029EC","requestId":"printerthermal01_0006"}}
[DEBUG] 2026/05/26 11:03:41.313418 (MQTT) Receive,/almex/device/prints/request_device_info,{"deviceNo":"0a780ac904010001","requestInfo":{"processId":"000029EC","requestId":"printerthermal01_0007"}}
[DEBUG] 2026/05/26 11:03:41.315945 (MQTT) Receive,/almex/device/prints/request_reset,{"deviceNo":"0a780ac904010001","requestInfo":{"processId":"000029EC","requestId":"printerthermal01_0002"}}
[DEBUG] 2026/05/26 11:03:41.318100 (MQTT) Receive,/almex/device/prints/request_status,{"deviceNo":"0a780ac904010001","requestInfo":{"processId":"000029EC","requestId":"printerthermal01_0006"}}
[TRACE] 2026/05/26 11:03:41.319129 (printerHandler) Reset リセット  IN(0a780ac904010001)
[DEBUG] 2026/05/26 11:03:41.320129 (MQTT) Publish,/almex/function/syslog/request_log,{"forceEncrypt":false,"generateDate":20260526,"generateTime":110341314,"logData":"サーマルプリンタ,NP3911,0a780ac904010001","logLevel":"DEBUG","logSummary":"サーマルプリンタリセット","requestId":"ALPS0102"}
[DEBUG] 2026/05/26 11:03:41.321147 (MQTT) Receive,/almex/device/prints/request_device_info,{"deviceNo":"0a780ac904010001","requestInfo":{"processId":"000029EC","requestId":"printerthermal01_0007"}}
[DEBUG] 2026/05/26 11:03:41.322178 (p *printerStatusController) cbPrinterStatus IN deviceNo:0a780ac904010001, statusReady:false, statusLine:false, printerStatus:0, deviceErrorCode:0
[DEBUG] 2026/05/26 11:03:41.323217 (MQTT) Receive,/almex/device/prints/request_reset,{"deviceNo":"0a780ac904010001","requestInfo":{"processId":"000029EC","requestId":"printerthermal01_0002"}}
[DEBUG] 2026/05/26 11:03:41.323734 (MQTT) Receive,/almex/device/prints/request_status,{"deviceNo":"0a780ac904010001","requestInfo":{"processId":"000029EC","requestId":"printerthermal01_0006"}}
[DEBUG] 2026/05/26 11:03:41.324735 (MQTT) Publish,/almex/function/syslog/request_log,{"forceEncrypt":false,"generateDate":20260526,"generateTime":110341322,"logData":"サーマルプリンタ,NP3911,0a780ac904010001","logLevel":"ERROR","logSummary":"サーマルプリンタ回線切断","requestId":"ALPS0020"}
[DEBUG] 2026/05/26 11:03:41.325238 (MQTT) Receive,/almex/device/prints/request_device_info,{"deviceNo":"0a780ac904010001","requestInfo":{"processId":"000029EC","requestId":"printerthermal01_0007"}}
[DEBUG] 2026/05/26 11:03:41.326272 (MQTT) Publish,/almex/device/prints/notice_status,{"deviceNo":"0a780ac904010001","monitorMode":false,"printerName":"NPI Integration Driver","statusError":false,"statusLine":false,"statusOnline":false,"statusPaperEnd":false,"statusPaperNear":false,"statusPaperWait":false,"statusReady":false}
[DEBUG] 2026/05/26 11:03:41.326800 (p *printerStatusController) cbPrinterStatus OUT(true)
[TRACE] 2026/05/26 11:03:41.327804 (printerHandler) Reset リセット  OUT(0a780ac904010001)
[DEBUG] 2026/05/26 11:03:41.330592 (MQTT) Publish,/almex/function/syslog/request_log,{"forceEncrypt":false,"generateDate":20260526,"generateTime":110341324,"logData":"サーマルプリンタ,NP3911,0a780ac904010001(StatusReady:false,monitorMode:false,monitorId:,monitorId:,StatusLine:false,statusOnline:false,statusOnline:false,StatusError:false,ErrorCode:,ErrorDetail,statusPaperWait:false,statusPaperEnd:false,statusPaperNear:false,errorHead:false,errorBezelConn:false,errorBezelJam:false,errorBezelPaper:false,errorCutter:false,errorCover:false,errorBlackMark:false)","logLevel":"DEBUG","logSummary":"サーマルプリンタステータス通知","requestId":"ALPS0300"}
[DEBUG] 2026/05/26 11:03:41.331638 (MQTT) Publish,/almex/device/prints/result_reset,{"deviceNo":"0a780ac904010001","requestInfo":{"processId":"000029EC","requestId":"printerthermal01_0002"},"result":true}
[DEBUG] 2026/05/26 11:03:41.341268 (MQTT) Publish,/almex/device/prints/result_status,{"deviceNo":"0a780ac904010001","monitorMode":false,"printerName":"NPI Integration Driver","requestInfo":{"processId":"000029EC","requestId":"printerthermal01_0006"},"result":true,"statusError":false,"statusLine":false,"statusOnline":false,"statusPaperEnd":false,"statusPaperNear":false,"statusPaperWait":false,"statusReady":false}
[DEBUG] 2026/05/26 11:03:41.341268 (MQTT) Publish,/almex/function/syslog/request_log,{"forceEncrypt":false,"generateDate":20260526,"generateTime":110341341,"logData":"サーマルプリンタ,NP3911,0a780ac904010001(StatusReady:false,monitorMode:false,monitorId:,monitorId:,StatusLine:false,statusOnline:false,statusOnline:false,StatusError:false,ErrorCode:,ErrorDetail,statusPaperWait:false,statusPaperEnd:false,statusPaperNear:false,errorHead:false,errorBezelConn:false,errorBezelJam:false,errorBezelPaper:false,errorCutter:false,errorCover:false,errorBlackMark:false)","logLevel":"DEBUG","logSummary":"サーマルプリンタステータス要求","requestId":"ALPS0109"}
[TRACE] 2026/05/26 11:03:41.352168 (printerHandler) GetDeviceName デバイス名取得取得  IN
[TRACE] 2026/05/26 11:03:41.352671 (printerHandler) GetFwVersion デバイス名取得取得  OUT
[DEBUG] 2026/05/26 11:03:41.353184 (MQTT) Publish,/almex/device/prints/result_device_info,{"countCut":0,"countLineHead":0,"countLineRun":0,"deviceName":"NP3911","deviceNo":"0a780ac904010001","errorCode":"","errorDetail":"","fwVersionTbl":[],"outletNo":0,"printerName":"NPI Integration Driver","requestInfo":{"processId":"000029EC","requestId":"printerthermal01_0007"},"result":true,"serialNo":""}
[DEBUG] 2026/05/26 11:03:41.353699 (MQTT) Publish,/almex/function/syslog/request_log,{"forceEncrypt":false,"generateDate":20260526,"generateTime":110341352,"logData":"サーマルプリンタ,NP3911,0a780ac904010001(driver:NPI Integration Driver)","logLevel":"DEBUG","logSummary":"サーマルプリンタデバイス取得要求","requestId":"ALPS0030"}
[TRACE] 2026/05/26 11:03:41.358836 (printerDevice) リセット開始(p.fnPrinterReset.Call START)
[TRACE] 2026/05/26 11:03:41.363449 (printerHandler) Reset リセット  IN(0a780ac904010001)
[DEBUG] 2026/05/26 11:03:41.363963 (p *printerStatusController) cbPrinterStatus IN deviceNo:0a780ac904010001, statusReady:false, statusLine:false, printerStatus:0, deviceErrorCode:0
[DEBUG] 2026/05/26 11:03:41.363963 (p *printerStatusController) cbPrinterStatus OUT(false)
[TRACE] 2026/05/26 11:03:41.363963 (printerHandler) Reset リセット  OUT(0a780ac904010001)
[DEBUG] 2026/05/26 11:03:41.364963 (MQTT) Publish,/almex/function/syslog/request_log,{"forceEncrypt":false,"generateDate":20260526,"generateTime":110341363,"logData":"サーマルプリンタ,NP3911,0a780ac904010001","logLevel":"DEBUG","logSummary":"サーマルプリンタリセット","requestId":"ALPS0102"}
[DEBUG] 2026/05/26 11:03:41.364963 (MQTT) Publish,/almex/device/prints/result_reset,{"deviceNo":"0a780ac904010001","requestInfo":{"processId":"000029EC","requestId":"printerthermal01_0002"},"result":true}
[DEBUG] 2026/05/26 11:03:41.375172 (MQTT) Publish,/almex/device/prints/result_status,{"deviceNo":"0a780ac904010001","monitorMode":false,"printerName":"NPI Integration Driver","requestInfo":{"processId":"000029EC","requestId":"printerthermal01_0006"},"result":true,"statusError":false,"statusLine":false,"statusOnline":false,"statusPaperEnd":false,"statusPaperNear":false,"statusPaperWait":false,"statusReady":false}
[DEBUG] 2026/05/26 11:03:41.375697 (MQTT) Publish,/almex/function/syslog/request_log,{"forceEncrypt":false,"generateDate":20260526,"generateTime":110341375,"logData":"サーマルプリンタ,NP3911,0a780ac904010001(StatusReady:false,monitorMode:false,monitorId:,monitorId:,StatusLine:false,statusOnline:false,statusOnline:false,StatusError:false,ErrorCode:,ErrorDetail,statusPaperWait:false,statusPaperEnd:false,statusPaperNear:false,errorHead:false,errorBezelConn:false,errorBezelJam:false,errorBezelPaper:false,errorCutter:false,errorCover:false,errorBlackMark:false)","logLevel":"DEBUG","logSummary":"サーマルプリンタステータス要求","requestId":"ALPS0109"}
[TRACE] 2026/05/26 11:03:41.385861 (printerHandler) GetDeviceName デバイス名取得取得  IN
[TRACE] 2026/05/26 11:03:41.386368 (printerHandler) GetFwVersion デバイス名取得取得  OUT
[DEBUG] 2026/05/26 11:03:41.386368 (MQTT) Publish,/almex/device/prints/result_device_info,{"countCut":0,"countLineHead":0,"countLineRun":0,"deviceName":"NP3911","deviceNo":"0a780ac904010001","errorCode":"","errorDetail":"","fwVersionTbl":[],"outletNo":0,"printerName":"NPI Integration Driver","requestInfo":{"processId":"000029EC","requestId":"printerthermal01_0007"},"result":true,"serialNo":""}
[DEBUG] 2026/05/26 11:03:41.386879 (MQTT) Publish,/almex/function/syslog/request_log,{"forceEncrypt":false,"generateDate":20260526,"generateTime":110341386,"logData":"サーマルプリンタ,NP3911,0a780ac904010001(driver:NPI Integration Driver)","logLevel":"DEBUG","logSummary":"サーマルプリンタデバイス取得要求","requestId":"ALPS0030"}
[TRACE] 2026/05/26 11:03:41.396979 (printerHandler) Reset リセット  IN(0a780ac904010001)
[DEBUG] 2026/05/26 11:03:41.396979 (p *printerStatusController) cbPrinterStatus IN deviceNo:0a780ac904010001, statusReady:false, statusLine:false, printerStatus:0, deviceErrorCode:0
[DEBUG] 2026/05/26 11:03:41.396979 (p *printerStatusController) cbPrinterStatus OUT(false)
[TRACE] 2026/05/26 11:03:41.396979 (printerHandler) Reset リセット  OUT(0a780ac904010001)
[DEBUG] 2026/05/26 11:03:41.397978 (MQTT) Publish,/almex/function/syslog/request_log,{"forceEncrypt":false,"generateDate":20260526,"generateTime":110341396,"logData":"サーマルプリンタ,NP3911,0a780ac904010001","logLevel":"DEBUG","logSummary":"サーマルプリンタリセット","requestId":"ALPS0102"}
[DEBUG] 2026/05/26 11:03:41.398481 (MQTT) Publish,/almex/device/prints/result_reset,{"deviceNo":"0a780ac904010001","requestInfo":{"processId":"000029EC","requestId":"printerthermal01_0002"},"result":true}
[DEBUG] 2026/05/26 11:03:41.409138 (MQTT) Publish,/almex/device/prints/result_status,{"deviceNo":"0a780ac904010001","monitorMode":false,"printerName":"NPI Integration Driver","requestInfo":{"processId":"000029EC","requestId":"printerthermal01_0006"},"result":true,"statusError":false,"statusLine":false,"statusOnline":false,"statusPaperEnd":false,"statusPaperNear":false,"statusPaperWait":false,"statusReady":false}
[DEBUG] 2026/05/26 11:03:41.409138 (MQTT) Publish,/almex/function/syslog/request_log,{"forceEncrypt":false,"generateDate":20260526,"generateTime":110341408,"logData":"サーマルプリンタ,NP3911,0a780ac904010001(StatusReady:false,monitorMode:false,monitorId:,monitorId:,StatusLine:false,statusOnline:false,statusOnline:false,StatusError:false,ErrorCode:,ErrorDetail,statusPaperWait:false,statusPaperEnd:false,statusPaperNear:false,errorHead:false,errorBezelConn:false,errorBezelJam:false,errorBezelPaper:false,errorCutter:false,errorCover:false,errorBlackMark:false)","logLevel":"DEBUG","logSummary":"サーマルプリンタステータス要求","requestId":"ALPS0109"}
[TRACE] 2026/05/26 11:03:41.419594 (printerHandler) GetDeviceName デバイス名取得取得  IN
[TRACE] 2026/05/26 11:03:41.420105 (printerHandler) GetFwVersion デバイス名取得取得  OUT
[DEBUG] 2026/05/26 11:03:41.420614 (MQTT) Publish,/almex/device/prints/result_device_info,{"countCut":0,"countLineHead":0,"countLineRun":0,"deviceName":"NP3911","deviceNo":"0a780ac904010001","errorCode":"","errorDetail":"","fwVersionTbl":[],"outletNo":0,"printerName":"NPI Integration Driver","requestInfo":{"processId":"000029EC","requestId":"printerthermal01_0007"},"result":true,"serialNo":""}
[DEBUG] 2026/05/26 11:03:41.420614 (MQTT) Publish,/almex/function/syslog/request_log,{"forceEncrypt":false,"generateDate":20260526,"generateTime":110341420,"logData":"サーマルプリンタ,NP3911,0a780ac904010001(driver:NPI Integration Driver)","logLevel":"DEBUG","logSummary":"サーマルプリンタデバイス取得要求","requestId":"ALPS0030"}
[TRACE] 2026/05/26 11:03:41.430988 (printerHandler) Reset リセット  IN(0a780ac904010001)
[DEBUG] 2026/05/26 11:03:41.431495 (p *printerStatusController) cbPrinterStatus IN deviceNo:0a780ac904010001, statusReady:false, statusLine:false, printerStatus:0, deviceErrorCode:0
[DEBUG] 2026/05/26 11:03:41.431495 (p *printerStatusController) cbPrinterStatus OUT(false)
[TRACE] 2026/05/26 11:03:41.432009 (printerHandler) Reset リセット  OUT(0a780ac904010001)
[DEBUG] 2026/05/26 11:03:41.432009 (MQTT) Publish,/almex/function/syslog/request_log,{"forceEncrypt":false,"generateDate":20260526,"generateTime":110341430,"logData":"サーマルプリンタ,NP3911,0a780ac904010001","logLevel":"DEBUG","logSummary":"サーマルプリンタリセット","requestId":"ALPS0102"}
[DEBUG] 2026/05/26 11:03:41.432009 (MQTT) Publish,/almex/device/prints/result_reset,{"deviceNo":"0a780ac904010001","requestInfo":{"processId":"000029EC","requestId":"printerthermal01_0002"},"result":true}
[DEBUG] 2026/05/26 11:03:41.443104 (MQTT) Publish,/almex/device/prints/result_status,{"deviceNo":"0a780ac904010001","monitorMode":false,"printerName":"NPI Integration Driver","requestInfo":{"processId":"000029EC","requestId":"printerthermal01_0006"},"result":true,"statusError":false,"statusLine":false,"statusOnline":false,"statusPaperEnd":false,"statusPaperNear":false,"statusPaperWait":false,"statusReady":false}
[DEBUG] 2026/05/26 11:03:41.443627 (MQTT) Publish,/almex/function/syslog/request_log,{"forceEncrypt":false,"generateDate":20260526,"generateTime":110341442,"logData":"サーマルプリンタ,NP3911,0a780ac904010001(StatusReady:false,monitorMode:false,monitorId:,monitorId:,StatusLine:false,statusOnline:false,statusOnline:false,StatusError:false,ErrorCode:,ErrorDetail,statusPaperWait:false,statusPaperEnd:false,statusPaperNear:false,errorHead:false,errorBezelConn:false,errorBezelJam:false,errorBezelPaper:false,errorCutter:false,errorCover:false,errorBlackMark:false)","logLevel":"DEBUG","logSummary":"サーマルプリンタステータス要求","requestId":"ALPS0109"}
[TRACE] 2026/05/26 11:03:41.453848 (printerHandler) GetDeviceName デバイス名取得取得  IN
[TRACE] 2026/05/26 11:03:41.454373 (printerHandler) GetFwVersion デバイス名取得取得  OUT
[DEBUG] 2026/05/26 11:03:41.454373 (MQTT) Publish,/almex/device/prints/result_device_info,{"countCut":0,"countLineHead":0,"countLineRun":0,"deviceName":"NP3911","deviceNo":"0a780ac904010001","errorCode":"","errorDetail":"","fwVersionTbl":[],"outletNo":0,"printerName":"NPI Integration Driver","requestInfo":{"processId":"000029EC","requestId":"printerthermal01_0007"},"result":true,"serialNo":""}
[DEBUG] 2026/05/26 11:03:41.454884 (MQTT) Publish,/almex/function/syslog/request_log,{"forceEncrypt":false,"generateDate":20260526,"generateTime":110341454,"logData":"サーマルプリンタ,NP3911,0a780ac904010001(driver:NPI Integration Driver)","logLevel":"DEBUG","logSummary":"サーマルプリンタデバイス取得要求","requestId":"ALPS0030"}
[TRACE] 2026/05/26 11:03:41.485367 (printerDevice) リセット完了((p.fnPrinterReset.Call END) 126ms)
[DEBUG] 2026/05/26 11:03:41.608097 (p *printerDevice) p.getStatus(&status) change status:bef:0x00000000, new:0xffffffff
[DEBUG] 2026/05/26 11:03:41.608609 (p *printerDevice) p.getStatus(&status) ok:false,ecode:-5, status:ffffffff
[DEBUG] 2026/05/26 11:03:41.609166 (p *printerDevice) p.CheckInitial status:ffffffff, printer initialize status:true
[DEBUG] 2026/05/26 11:03:41.728684 (p *printerDevice) p.getStatus(&status) ok:false,ecode:-5, status:ffffffff
[DEBUG] 2026/05/26 11:03:41.729204 (p *printerDevice) p.CheckInitial status:ffffffff, printer initialize status:true
[DEBUG] 2026/05/26 11:03:41.851669 (p *printerDevice) p.getStatus(&status) ok:false,ecode:-5, status:ffffffff
[DEBUG] 2026/05/26 11:03:41.852170 (p *printerDevice) p.CheckInitial status:ffffffff, printer initialize status:true
[DEBUG] 2026/05/26 11:03:41.976406 (p *printerDevice) p.getStatus(&status) ok:false,ecode:-5, status:ffffffff
[DEBUG] 2026/05/26 11:03:41.978433 (p *printerDevice) p.CheckInitial status:ffffffff, printer initialize status:true
[DEBUG] 2026/05/26 11:03:42.096715 (p *printerDevice) p.getStatus(&status) ok:false,ecode:-5, status:ffffffff
[DEBUG] 2026/05/26 11:03:42.097218 (p *printerDevice) p.CheckInitial status:ffffffff, printer initialize status:true
[DEBUG] 2026/05/26 11:03:42.219391 (p *printerDevice) p.getStatus(&status) ok:false,ecode:-5, status:ffffffff
[DEBUG] 2026/05/26 11:03:42.219920 (p *printerDevice) p.CheckInitial status:ffffffff, printer initialize status:true
[DEBUG] 2026/05/26 11:03:42.342312 (p *printerDevice) p.getStatus(&status) ok:false,ecode:-5, status:ffffffff
[DEBUG] 2026/05/26 11:03:42.343830 (p *printerDevice) p.CheckInitial status:ffffffff, printer initialize status:true
[DEBUG] 2026/05/26 11:03:42.466300 (p *printerDevice) p.getStatus(&status) ok:false,ecode:-5, status:ffffffff
[DEBUG] 2026/05/26 11:03:42.466300 (p *printerDevice) p.CheckInitial status:ffffffff, printer initialize status:true
[DEBUG] 2026/05/26 11:03:42.588993 (p *printerDevice) p.getStatus(&status) ok:false,ecode:-5, status:ffffffff
[DEBUG] 2026/05/26 11:03:42.588993 (p *printerDevice) p.CheckInitial status:ffffffff, printer initialize status:true
[DEBUG] 2026/05/26 11:03:42.711510 (p *printerDevice) p.getStatus(&status) change status:bef:0xffffffff, new:0x00000000
[DEBUG] 2026/05/26 11:03:42.711510 (p *printerStatusController) cbPrinterStatus IN deviceNo:0a780ac904010001, statusReady:true, statusLine:true, printerStatus:0, deviceErrorCode:0
[DEBUG] 2026/05/26 11:03:42.712509 (MQTT) Publish,/almex/function/syslog/request_log,{"forceEncrypt":false,"generateDate":20260526,"generateTime":110342711,"logData":"サーマルプリンタ,NP3911,0a780ac904010001","logLevel":"DEBUG","logSummary":"サーマルプリンタ回線接続","requestId":"ALPS0021"}
[DEBUG] 2026/05/26 11:03:42.712509 (MQTT) Publish,/almex/device/prints/notice_status,{"deviceNo":"0a780ac904010001","monitorMode":false,"printerName":"NPI Integration Driver","statusError":true,"statusLine":true,"statusOnline":true,"statusPaperEnd":false,"statusPaperNear":false,"statusPaperWait":false,"statusReady":true}
[DEBUG] 2026/05/26 11:03:42.713012 (p *printerStatusController) cbPrinterStatus OUT(true)
[DEBUG] 2026/05/26 11:03:42.713544 (MQTT) Publish,/almex/function/syslog/request_log,{"forceEncrypt":false,"generateDate":20260526,"generateTime":110342712,"logData":"サーマルプリンタ,NP3911,0a780ac904010001(StatusReady:true,monitorMode:false,monitorId:,monitorId:,StatusLine:true,statusOnline:true,statusOnline:true,StatusError:true,statusPaperWait:false,statusPaperEnd:false,statusPaperNear:false,errorHead:false,errorBezelConn:false,errorBezelJam:false,errorBezelPaper:false,errorCutter:false,errorCover:false,errorBlackMark:false)","logLevel":"DEBUG","logSummary":"サーマルプリンタステータス通知","requestId":"ALPS0300"}
