[DEBUG] 2026/05/26 10:50:33.203551 (MQTT) Receive,/almex/device/prints/request_control_service,{"idDevice":"0401","idExtSys":"","requestInfo":{"pcId":"","processId":"000018c0","requestId":"rqCtrSv_deviceprints_248959id5"},"statusService":false}
[DEBUG] 2026/05/26 10:50:33.215297 (MQTT) Publish,/almex/device/prints/result_control_service,{"requestInfo":{"processId":"000018c0","requestId":"rqCtrSv_deviceprints_248959id5"},"result":true}
[DEBUG] 2026/05/26 10:50:33.216344 (MQTT) Publish,/almex/function/syslog/request_log,{"forceEncrypt":false,"generateDate":20260526,"generateTime":105033214,"logData":"サーマルプリンタ,NP3911,0a780ac904010001","logLevel":"DEBUG","logSummary":"サーマルプリンタリセット","requestId":"ALPS0102"}
[DEBUG] 2026/05/26 10:50:33.716741 (MQTT) Publish,/almex/device/prints/notice_status_service,{"idDevice":"0401","statusService":false}
[DEBUG] 2026/05/26 10:50:33.716741 (MQTT) Publish,/almex/function/syslog/request_log,{"forceEncrypt":false,"generateDate":20260526,"generateTime":105033716,"logData":"NP3911,サービス実行状態変更:true → false","logLevel":"DEBUG","logSummary":"サービス実行制御要求(サーマルプリンタ制御)","requestId":"ALPS0005"}
[DEBUG] 2026/05/26 10:50:46.400309 (MQTT) Publish,/almex/function/syslog/request_log,{"forceEncrypt":false,"generateDate":20260526,"generateTime":105046399,"logData":"","logLevel":"DEBUG","logSummary":"サービス停止(サーマルプリンタ制御)","requestId":"ALPS0003"}
[TRACE] 2026/05/26 10:50:46.500070 (printerHandler) MonitorStop 印刷モニター停止要求  IN(0a780ac904010001)
[TRACE] 2026/05/26 10:50:46.500588 (printerHandler) MonitorStop 印刷モニター停止要求  STEP1
[TRACE] 2026/05/26 10:50:46.500588 (printerHandler) MonitorStop 印刷モニター停止要求  STEP2
[TRACE] 2026/05/26 10:50:46.501106 (printerHandler) MonitorStop 印刷モニター停止要求  STEP3
[TRACE] 2026/05/26 10:50:46.501106 (printerHandler) MonitorStop 印刷モニター停止要求  OUT(0a780ac904010001)
[INFO ] 2026/05/26 10:50:48.995579 (BOOT) almex_prints_np3911 version 110.3.29.114
[TRACE] 2026/05/26 10:50:49.007851 (MQTT) Mqttconnect IN
[DEBUG] 2026/05/26 10:50:49.012436 (MQTT) Broker Connected
[TRACE] 2026/05/26 10:50:49.012949 (MQTT) Broker Connected.client  OUT
[TRACE] 2026/05/26 10:50:49.012949 (MQTT) Mqttconnect OUT
[DEBUG] 2026/05/26 10:50:49.110372 (MQTT) Publish,/almex/device/prints/notice_status,{"deviceNo":"0a780ac904010001","monitorMode":false,"printerName":"NPI Integration Driver","statusError":false,"statusLine":false,"statusOnline":false,"statusPaperEnd":false,"statusPaperNear":false,"statusPaperWait":false,"statusReady":false}
[DEBUG] 2026/05/26 10:50:49.111543 (MQTT) Publish,/almex/function/syslog/request_log,{"forceEncrypt":false,"generateDate":20260526,"generateTime":105049111,"logData":"","logLevel":"DEBUG","logSummary":"サービス開始(サーマルプリンタ制御)","requestId":"ALPS0001"}
[DEBUG] 2026/05/26 10:50:49.145388 (p *printerStatusController) cbPrinterStatus IN deviceNo:0a780ac904010001, statusReady:true, statusLine:true, printerStatus:0, deviceErrorCode:0
[DEBUG] 2026/05/26 10:50:49.145890 (MQTT) Publish,/almex/function/syslog/request_log,{"forceEncrypt":false,"generateDate":20260526,"generateTime":105049145,"logData":"サーマルプリンタ,NP3911,0a780ac904010001","logLevel":"DEBUG","logSummary":"サーマルプリンタ回線接続","requestId":"ALPS0021"}
[DEBUG] 2026/05/26 10:50:49.145890 (MQTT) Publish,/almex/device/prints/notice_status,{"deviceNo":"0a780ac904010001","monitorMode":false,"printerName":"NPI Integration Driver","statusError":true,"statusLine":true,"statusOnline":true,"statusPaperEnd":false,"statusPaperNear":false,"statusPaperWait":false,"statusReady":true}
[DEBUG] 2026/05/26 10:50:49.146520 (p *printerStatusController) cbPrinterStatus OUT(true)
[DEBUG] 2026/05/26 10:50:49.146903 (MQTT) Publish,/almex/function/syslog/request_log,{"forceEncrypt":false,"generateDate":20260526,"generateTime":105049146,"logData":"サーマルプリンタ,NP3911,0a780ac904010001(StatusReady:true,monitorMode:false,monitorId:,monitorId:,StatusLine:true,statusOnline:true,statusOnline:true,StatusError:true,statusPaperWait:false,statusPaperEnd:false,statusPaperNear:false,errorHead:false,errorBezelConn:false,errorBezelJam:false,errorBezelPaper:false,errorCutter:false,errorCover:false,errorBlackMark:false)","logLevel":"DEBUG","logSummary":"サーマルプリンタステータス通知","requestId":"ALPS0300"}
[DEBUG] 2026/05/26 10:50:52.758065 (MQTT) Receive,/almex/device/prints/request_device,{"ipAddrTbl":[],"requestInfo":{"processId":"00002918","requestId":"printerthermal01_0001"},"useCode":1}
[DEBUG] 2026/05/26 10:50:52.759644 (MQTT) Receive,/almex/device/prints/request_device,{"ipAddrTbl":[],"requestInfo":{"processId":"00002918","requestId":"printerthermal01_0001"},"useCode":2}
[DEBUG] 2026/05/26 10:50:52.761147 (MQTT) Receive,/almex/device/prints/request_device,{"ipAddrTbl":[],"requestInfo":{"processId":"00002918","requestId":"printerthermal01_0001"},"useCode":3}
[DEBUG] 2026/05/26 10:50:52.762649 (MQTT) Receive,/almex/device/prints/request_device,{"ipAddrTbl":[],"requestInfo":{"processId":"00002918","requestId":"printerthermal01_0001"},"useCode":4}
[DEBUG] 2026/05/26 10:50:52.765471 (MQTT) Publish,/almex/device/prints/result_device,{"deviceTbl":[{"deviceName":"サーマルプリンタ","deviceNo":"0a780ac904010001","printerName":"NPI Integration Driver"}],"requestInfo":{"processId":"00002918","requestId":"printerthermal01_0001"},"result":true}
[DEBUG] 2026/05/26 10:50:52.765471 (MQTT) Publish,/almex/function/syslog/request_log,{"forceEncrypt":false,"generateDate":20260526,"generateTime":105052765,"logData":"DeviceCount:1(サーマルプリンタ,0a780ac904010001)","logLevel":"DEBUG","logSummary":"サーマルプリンタデバイス取得要求","requestId":"ALPS0030"}
[DEBUG] 2026/05/26 10:50:52.776491 (MQTT) Publish,/almex/device/prints/result_device,{"deviceTbl":[{"deviceName":"サーマルプリンタ","deviceNo":"0a780ac904010001","printerName":"NPI Integration Driver"}],"requestInfo":{"processId":"00002918","requestId":"printerthermal01_0001"},"result":true}
[DEBUG] 2026/05/26 10:50:52.777003 (MQTT) Publish,/almex/function/syslog/request_log,{"forceEncrypt":false,"generateDate":20260526,"generateTime":105052776,"logData":"DeviceCount:1(サーマルプリンタ,0a780ac904010001)","logLevel":"DEBUG","logSummary":"サーマルプリンタデバイス取得要求","requestId":"ALPS0030"}
[DEBUG] 2026/05/26 10:50:52.787615 (MQTT) Publish,/almex/device/prints/result_device,{"deviceTbl":[{"deviceName":"サーマルプリンタ","deviceNo":"0a780ac904010001","printerName":"NPI Integration Driver"}],"requestInfo":{"processId":"00002918","requestId":"printerthermal01_0001"},"result":true}
[DEBUG] 2026/05/26 10:50:52.788136 (MQTT) Publish,/almex/function/syslog/request_log,{"forceEncrypt":false,"generateDate":20260526,"generateTime":105052787,"logData":"DeviceCount:1(サーマルプリンタ,0a780ac904010001)","logLevel":"DEBUG","logSummary":"サーマルプリンタデバイス取得要求","requestId":"ALPS0030"}
[DEBUG] 2026/05/26 10:50:52.798276 (MQTT) Publish,/almex/device/prints/result_device,{"deviceTbl":[{"deviceName":"サーマルプリンタ","deviceNo":"0a780ac904010001","printerName":"NPI Integration Driver"}],"requestInfo":{"processId":"00002918","requestId":"printerthermal01_0001"},"result":true}
[DEBUG] 2026/05/26 10:50:52.798793 (MQTT) Publish,/almex/function/syslog/request_log,{"forceEncrypt":false,"generateDate":20260526,"generateTime":105052798,"logData":"DeviceCount:1(サーマルプリンタ,0a780ac904010001)","logLevel":"DEBUG","logSummary":"サーマルプリンタデバイス取得要求","requestId":"ALPS0030"}
[DEBUG] 2026/05/26 10:50:52.942994 (MQTT) Receive,/almex/device/prints/request_reset,{"deviceNo":"0a780ac904010001","requestInfo":{"processId":"00002918","requestId":"printerthermal01_0002"}}
[DEBUG] 2026/05/26 10:50:52.945102 (MQTT) Receive,/almex/device/prints/request_status,{"deviceNo":"0a780ac904010001","requestInfo":{"processId":"00002918","requestId":"printerthermal01_0006"}}
[DEBUG] 2026/05/26 10:50:52.947215 (MQTT) Receive,/almex/device/prints/request_device_info,{"deviceNo":"0a780ac904010001","requestInfo":{"processId":"00002918","requestId":"printerthermal01_0007"}}
[DEBUG] 2026/05/26 10:50:52.948781 (MQTT) Receive,/almex/device/prints/request_reset,{"deviceNo":"0a780ac904010001","requestInfo":{"processId":"00002918","requestId":"printerthermal01_0002"}}
[DEBUG] 2026/05/26 10:50:52.950293 (MQTT) Receive,/almex/device/prints/request_status,{"deviceNo":"0a780ac904010001","requestInfo":{"processId":"00002918","requestId":"printerthermal01_0006"}}
[DEBUG] 2026/05/26 10:50:52.952299 (MQTT) Receive,/almex/device/prints/request_device_info,{"deviceNo":"0a780ac904010001","requestInfo":{"processId":"00002918","requestId":"printerthermal01_0007"}}
[TRACE] 2026/05/26 10:50:52.953808 (printerHandler) Reset リセット  IN(0a780ac904010001)
[DEBUG] 2026/05/26 10:50:52.955315 (p *printerStatusController) cbPrinterStatus IN deviceNo:0a780ac904010001, statusReady:false, statusLine:false, printerStatus:0, deviceErrorCode:0
[DEBUG] 2026/05/26 10:50:52.956345 (MQTT) Publish,/almex/function/syslog/request_log,{"forceEncrypt":false,"generateDate":20260526,"generateTime":105052951,"logData":"サーマルプリンタ,NP3911,0a780ac904010001","logLevel":"DEBUG","logSummary":"サーマルプリンタリセット","requestId":"ALPS0102"}
[DEBUG] 2026/05/26 10:50:52.956874 (MQTT) Receive,/almex/device/prints/request_reset,{"deviceNo":"0a780ac904010001","requestInfo":{"processId":"00002918","requestId":"printerthermal01_0002"}}
[DEBUG] 2026/05/26 10:50:52.958380 (MQTT) Receive,/almex/device/prints/request_status,{"deviceNo":"0a780ac904010001","requestInfo":{"processId":"00002918","requestId":"printerthermal01_0006"}}
[DEBUG] 2026/05/26 10:50:52.959384 (MQTT) Publish,/almex/function/syslog/request_log,{"forceEncrypt":false,"generateDate":20260526,"generateTime":105052955,"logData":"サーマルプリンタ,NP3911,0a780ac904010001","logLevel":"ERROR","logSummary":"サーマルプリンタ回線切断","requestId":"ALPS0020"}
[DEBUG] 2026/05/26 10:50:52.959888 (MQTT) Receive,/almex/device/prints/request_device_info,{"deviceNo":"0a780ac904010001","requestInfo":{"processId":"00002918","requestId":"printerthermal01_0007"}}
[DEBUG] 2026/05/26 10:50:52.960424 (MQTT) Publish,/almex/device/prints/notice_status,{"deviceNo":"0a780ac904010001","monitorMode":false,"printerName":"NPI Integration Driver","statusError":false,"statusLine":false,"statusOnline":false,"statusPaperEnd":false,"statusPaperNear":false,"statusPaperWait":false,"statusReady":false}
[DEBUG] 2026/05/26 10:50:52.960937 (MQTT) Receive,/almex/device/prints/request_reset,{"deviceNo":"0a780ac904010001","requestInfo":{"processId":"00002918","requestId":"printerthermal01_0002"}}
[DEBUG] 2026/05/26 10:50:52.961458 (p *printerStatusController) cbPrinterStatus OUT(true)
[TRACE] 2026/05/26 10:50:52.961975 (printerHandler) Reset リセット  OUT(0a780ac904010001)
[DEBUG] 2026/05/26 10:50:52.962488 (MQTT) Publish,/almex/function/syslog/request_log,{"forceEncrypt":false,"generateDate":20260526,"generateTime":105052959,"logData":"サーマルプリンタ,NP3911,0a780ac904010001(StatusReady:false,monitorMode:false,monitorId:,monitorId:,StatusLine:false,statusOnline:false,statusOnline:false,StatusError:false,ErrorCode:,ErrorDetail,statusPaperWait:false,statusPaperEnd:false,statusPaperNear:false,errorHead:false,errorBezelConn:false,errorBezelJam:false,errorBezelPaper:false,errorCutter:false,errorCover:false,errorBlackMark:false)","logLevel":"DEBUG","logSummary":"サーマルプリンタステータス通知","requestId":"ALPS0300"}
[DEBUG] 2026/05/26 10:50:52.963520 (MQTT) Receive,/almex/device/prints/request_status,{"deviceNo":"0a780ac904010001","requestInfo":{"processId":"00002918","requestId":"printerthermal01_0006"}}
[DEBUG] 2026/05/26 10:50:52.964037 (MQTT) Receive,/almex/device/prints/request_device_info,{"deviceNo":"0a780ac904010001","requestInfo":{"processId":"00002918","requestId":"printerthermal01_0007"}}
[DEBUG] 2026/05/26 10:50:52.964557 (MQTT) Publish,/almex/device/prints/result_reset,{"deviceNo":"0a780ac904010001","requestInfo":{"processId":"00002918","requestId":"printerthermal01_0002"},"result":true}
[DEBUG] 2026/05/26 10:50:52.973751 (MQTT) Publish,/almex/device/prints/result_status,{"deviceNo":"0a780ac904010001","monitorMode":false,"printerName":"NPI Integration Driver","requestInfo":{"processId":"00002918","requestId":"printerthermal01_0006"},"result":true,"statusError":false,"statusLine":false,"statusOnline":false,"statusPaperEnd":false,"statusPaperNear":false,"statusPaperWait":false,"statusReady":false}
[DEBUG] 2026/05/26 10:50:52.974262 (MQTT) Publish,/almex/function/syslog/request_log,{"forceEncrypt":false,"generateDate":20260526,"generateTime":105052973,"logData":"サーマルプリンタ,NP3911,0a780ac904010001(StatusReady:false,monitorMode:false,monitorId:,monitorId:,StatusLine:false,statusOnline:false,statusOnline:false,StatusError:false,ErrorCode:,ErrorDetail,statusPaperWait:false,statusPaperEnd:false,statusPaperNear:false,errorHead:false,errorBezelConn:false,errorBezelJam:false,errorBezelPaper:false,errorCutter:false,errorCover:false,errorBlackMark:false)","logLevel":"DEBUG","logSummary":"サーマルプリンタステータス要求","requestId":"ALPS0109"}
[TRACE] 2026/05/26 10:50:52.984539 (printerHandler) GetDeviceName デバイス名取得取得  IN
[TRACE] 2026/05/26 10:50:52.985541 (printerHandler) GetFwVersion デバイス名取得取得  OUT
[DEBUG] 2026/05/26 10:50:52.986044 (MQTT) Publish,/almex/device/prints/result_device_info,{"countCut":0,"countLineHead":0,"countLineRun":0,"deviceName":"NP3911","deviceNo":"0a780ac904010001","errorCode":"","errorDetail":"","fwVersionTbl":[],"outletNo":0,"printerName":"NPI Integration Driver","requestInfo":{"processId":"00002918","requestId":"printerthermal01_0007"},"result":true,"serialNo":""}
[DEBUG] 2026/05/26 10:50:52.986044 (MQTT) Publish,/almex/function/syslog/request_log,{"forceEncrypt":false,"generateDate":20260526,"generateTime":105052985,"logData":"サーマルプリンタ,NP3911,0a780ac904010001(driver:NPI Integration Driver)","logLevel":"DEBUG","logSummary":"サーマルプリンタデバイス取得要求","requestId":"ALPS0030"}
[TRACE] 2026/05/26 10:50:52.997180 (printerHandler) Reset リセット  IN(0a780ac904010001)
[DEBUG] 2026/05/26 10:50:52.997180 (p *printerStatusController) cbPrinterStatus IN deviceNo:0a780ac904010001, statusReady:false, statusLine:false, printerStatus:0, deviceErrorCode:0
[DEBUG] 2026/05/26 10:50:52.997713 (p *printerStatusController) cbPrinterStatus OUT(false)
[TRACE] 2026/05/26 10:50:52.997713 (printerHandler) Reset リセット  OUT(0a780ac904010001)
[DEBUG] 2026/05/26 10:50:52.998223 (MQTT) Publish,/almex/function/syslog/request_log,{"forceEncrypt":false,"generateDate":20260526,"generateTime":105052996,"logData":"サーマルプリンタ,NP3911,0a780ac904010001","logLevel":"DEBUG","logSummary":"サーマルプリンタリセット","requestId":"ALPS0102"}
[DEBUG] 2026/05/26 10:50:52.998223 (MQTT) Publish,/almex/device/prints/result_reset,{"deviceNo":"0a780ac904010001","requestInfo":{"processId":"00002918","requestId":"printerthermal01_0002"},"result":true}
[DEBUG] 2026/05/26 10:50:53.009002 (MQTT) Publish,/almex/device/prints/result_status,{"deviceNo":"0a780ac904010001","monitorMode":false,"printerName":"NPI Integration Driver","requestInfo":{"processId":"00002918","requestId":"printerthermal01_0006"},"result":true,"statusError":false,"statusLine":false,"statusOnline":false,"statusPaperEnd":false,"statusPaperNear":false,"statusPaperWait":false,"statusReady":false}
[DEBUG] 2026/05/26 10:50:53.009504 (MQTT) Publish,/almex/function/syslog/request_log,{"forceEncrypt":false,"generateDate":20260526,"generateTime":105053009,"logData":"サーマルプリンタ,NP3911,0a780ac904010001(StatusReady:false,monitorMode:false,monitorId:,monitorId:,StatusLine:false,statusOnline:false,statusOnline:false,StatusError:false,ErrorCode:,ErrorDetail,statusPaperWait:false,statusPaperEnd:false,statusPaperNear:false,errorHead:false,errorBezelConn:false,errorBezelJam:false,errorBezelPaper:false,errorCutter:false,errorCover:false,errorBlackMark:false)","logLevel":"DEBUG","logSummary":"サーマルプリンタステータス要求","requestId":"ALPS0109"}
[TRACE] 2026/05/26 10:50:53.019691 (printerHandler) GetDeviceName デバイス名取得取得  IN
[TRACE] 2026/05/26 10:50:53.020198 (printerHandler) GetFwVersion デバイス名取得取得  OUT
[DEBUG] 2026/05/26 10:50:53.020710 (MQTT) Publish,/almex/device/prints/result_device_info,{"countCut":0,"countLineHead":0,"countLineRun":0,"deviceName":"NP3911","deviceNo":"0a780ac904010001","errorCode":"","errorDetail":"","fwVersionTbl":[],"outletNo":0,"printerName":"NPI Integration Driver","requestInfo":{"processId":"00002918","requestId":"printerthermal01_0007"},"result":true,"serialNo":""}
[DEBUG] 2026/05/26 10:50:53.020710 (MQTT) Publish,/almex/function/syslog/request_log,{"forceEncrypt":false,"generateDate":20260526,"generateTime":105053020,"logData":"サーマルプリンタ,NP3911,0a780ac904010001(driver:NPI Integration Driver)","logLevel":"DEBUG","logSummary":"サーマルプリンタデバイス取得要求","requestId":"ALPS0030"}
[TRACE] 2026/05/26 10:50:53.031447 (printerHandler) Reset リセット  IN(0a780ac904010001)
[DEBUG] 2026/05/26 10:50:53.031949 (p *printerStatusController) cbPrinterStatus IN deviceNo:0a780ac904010001, statusReady:false, statusLine:false, printerStatus:0, deviceErrorCode:0
[DEBUG] 2026/05/26 10:50:53.031949 (p *printerStatusController) cbPrinterStatus OUT(false)
[TRACE] 2026/05/26 10:50:53.031949 (printerHandler) Reset リセット  OUT(0a780ac904010001)
[DEBUG] 2026/05/26 10:50:53.031949 (MQTT) Publish,/almex/function/syslog/request_log,{"forceEncrypt":false,"generateDate":20260526,"generateTime":105053031,"logData":"サーマルプリンタ,NP3911,0a780ac904010001","logLevel":"DEBUG","logSummary":"サーマルプリンタリセット","requestId":"ALPS0102"}
[DEBUG] 2026/05/26 10:50:53.032948 (MQTT) Publish,/almex/device/prints/result_reset,{"deviceNo":"0a780ac904010001","requestInfo":{"processId":"00002918","requestId":"printerthermal01_0002"},"result":true}
[DEBUG] 2026/05/26 10:50:53.043420 (MQTT) Publish,/almex/device/prints/result_status,{"deviceNo":"0a780ac904010001","monitorMode":false,"printerName":"NPI Integration Driver","requestInfo":{"processId":"00002918","requestId":"printerthermal01_0006"},"result":true,"statusError":false,"statusLine":false,"statusOnline":false,"statusPaperEnd":false,"statusPaperNear":false,"statusPaperWait":false,"statusReady":false}
[DEBUG] 2026/05/26 10:50:53.044423 (MQTT) Publish,/almex/function/syslog/request_log,{"forceEncrypt":false,"generateDate":20260526,"generateTime":105053043,"logData":"サーマルプリンタ,NP3911,0a780ac904010001(StatusReady:false,monitorMode:false,monitorId:,monitorId:,StatusLine:false,statusOnline:false,statusOnline:false,StatusError:false,ErrorCode:,ErrorDetail,statusPaperWait:false,statusPaperEnd:false,statusPaperNear:false,errorHead:false,errorBezelConn:false,errorBezelJam:false,errorBezelPaper:false,errorCutter:false,errorCover:false,errorBlackMark:false)","logLevel":"DEBUG","logSummary":"サーマルプリンタステータス要求","requestId":"ALPS0109"}
[TRACE] 2026/05/26 10:50:53.052718 (printerDevice) リセット開始(p.fnPrinterReset.Call START)
[TRACE] 2026/05/26 10:50:53.053736 (printerHandler) GetDeviceName デバイス名取得取得  IN
[TRACE] 2026/05/26 10:50:53.053736 (printerHandler) GetFwVersion デバイス名取得取得  OUT
[DEBUG] 2026/05/26 10:50:53.054735 (MQTT) Publish,/almex/device/prints/result_device_info,{"countCut":0,"countLineHead":0,"countLineRun":0,"deviceName":"NP3911","deviceNo":"0a780ac904010001","errorCode":"","errorDetail":"","fwVersionTbl":[],"outletNo":0,"printerName":"NPI Integration Driver","requestInfo":{"processId":"00002918","requestId":"printerthermal01_0007"},"result":true,"serialNo":""}
[DEBUG] 2026/05/26 10:50:53.055238 (MQTT) Publish,/almex/function/syslog/request_log,{"forceEncrypt":false,"generateDate":20260526,"generateTime":105053053,"logData":"サーマルプリンタ,NP3911,0a780ac904010001(driver:NPI Integration Driver)","logLevel":"DEBUG","logSummary":"サーマルプリンタデバイス取得要求","requestId":"ALPS0030"}
[TRACE] 2026/05/26 10:50:53.066492 (printerHandler) Reset リセット  IN(0a780ac904010001)
[DEBUG] 2026/05/26 10:50:53.067175 (p *printerStatusController) cbPrinterStatus IN deviceNo:0a780ac904010001, statusReady:false, statusLine:false, printerStatus:0, deviceErrorCode:0
[DEBUG] 2026/05/26 10:50:53.067701 (MQTT) Publish,/almex/function/syslog/request_log,{"forceEncrypt":false,"generateDate":20260526,"generateTime":105053065,"logData":"サーマルプリンタ,NP3911,0a780ac904010001","logLevel":"DEBUG","logSummary":"サーマルプリンタリセット","requestId":"ALPS0102"}
[DEBUG] 2026/05/26 10:50:53.068212 (p *printerStatusController) cbPrinterStatus OUT(false)
[TRACE] 2026/05/26 10:50:53.068212 (printerHandler) Reset リセット  OUT(0a780ac904010001)
[DEBUG] 2026/05/26 10:50:53.069073 (MQTT) Publish,/almex/device/prints/result_reset,{"deviceNo":"0a780ac904010001","requestInfo":{"processId":"00002918","requestId":"printerthermal01_0002"},"result":true}
[DEBUG] 2026/05/26 10:50:53.080543 (MQTT) Publish,/almex/device/prints/result_status,{"deviceNo":"0a780ac904010001","monitorMode":false,"printerName":"NPI Integration Driver","requestInfo":{"processId":"00002918","requestId":"printerthermal01_0006"},"result":true,"statusError":false,"statusLine":false,"statusOnline":false,"statusPaperEnd":false,"statusPaperNear":false,"statusPaperWait":false,"statusReady":false}
[DEBUG] 2026/05/26 10:50:53.081059 (MQTT) Publish,/almex/function/syslog/request_log,{"forceEncrypt":false,"generateDate":20260526,"generateTime":105053080,"logData":"サーマルプリンタ,NP3911,0a780ac904010001(StatusReady:false,monitorMode:false,monitorId:,monitorId:,StatusLine:false,statusOnline:false,statusOnline:false,StatusError:false,ErrorCode:,ErrorDetail,statusPaperWait:false,statusPaperEnd:false,statusPaperNear:false,errorHead:false,errorBezelConn:false,errorBezelJam:false,errorBezelPaper:false,errorCutter:false,errorCover:false,errorBlackMark:false)","logLevel":"DEBUG","logSummary":"サーマルプリンタステータス要求","requestId":"ALPS0109"}
[TRACE] 2026/05/26 10:50:53.091160 (printerHandler) GetDeviceName デバイス名取得取得  IN
[TRACE] 2026/05/26 10:50:53.091665 (printerHandler) GetFwVersion デバイス名取得取得  OUT
[DEBUG] 2026/05/26 10:50:53.092709 (MQTT) Publish,/almex/device/prints/result_device_info,{"countCut":0,"countLineHead":0,"countLineRun":0,"deviceName":"NP3911","deviceNo":"0a780ac904010001","errorCode":"","errorDetail":"","fwVersionTbl":[],"outletNo":0,"printerName":"NPI Integration Driver","requestInfo":{"processId":"00002918","requestId":"printerthermal01_0007"},"result":true,"serialNo":""}
[DEBUG] 2026/05/26 10:50:53.092709 (MQTT) Publish,/almex/function/syslog/request_log,{"forceEncrypt":false,"generateDate":20260526,"generateTime":105053091,"logData":"サーマルプリンタ,NP3911,0a780ac904010001(driver:NPI Integration Driver)","logLevel":"DEBUG","logSummary":"サーマルプリンタデバイス取得要求","requestId":"ALPS0030"}
[TRACE] 2026/05/26 10:50:53.226524 (printerDevice) リセット完了((p.fnPrinterReset.Call END) 172ms)
[DEBUG] 2026/05/26 10:50:53.348707 (p *printerDevice) p.getStatus(&status) change status:bef:0x00000000, new:0xffffffff
[DEBUG] 2026/05/26 10:50:53.349220 (p *printerDevice) p.getStatus(&status) ok:false,ecode:-5, status:ffffffff
[DEBUG] 2026/05/26 10:50:53.349732 (p *printerDevice) p.CheckInitial status:ffffffff, printer initialize status:true
[DEBUG] 2026/05/26 10:50:53.469943 (p *printerDevice) p.getStatus(&status) ok:false,ecode:-5, status:ffffffff
[DEBUG] 2026/05/26 10:50:53.469943 (p *printerDevice) p.CheckInitial status:ffffffff, printer initialize status:true
[DEBUG] 2026/05/26 10:50:53.592948 (p *printerDevice) p.getStatus(&status) ok:false,ecode:-5, status:ffffffff
[DEBUG] 2026/05/26 10:50:53.594959 (p *printerDevice) p.CheckInitial status:ffffffff, printer initialize status:true
[DEBUG] 2026/05/26 10:50:53.715909 (p *printerDevice) p.getStatus(&status) ok:false,ecode:-5, status:ffffffff
[DEBUG] 2026/05/26 10:50:53.719451 (p *printerDevice) p.CheckInitial status:ffffffff, printer initialize status:true
[DEBUG] 2026/05/26 10:50:53.836970 (p *printerDevice) p.getStatus(&status) ok:false,ecode:-5, status:ffffffff
[DEBUG] 2026/05/26 10:50:53.837503 (p *printerDevice) p.CheckInitial status:ffffffff, printer initialize status:true
[DEBUG] 2026/05/26 10:50:53.961632 (p *printerDevice) p.getStatus(&status) ok:false,ecode:-5, status:ffffffff
[DEBUG] 2026/05/26 10:50:53.962679 (p *printerDevice) p.CheckInitial status:ffffffff, printer initialize status:true
[DEBUG] 2026/05/26 10:50:54.083298 (p *printerDevice) p.getStatus(&status) ok:false,ecode:-5, status:ffffffff
[DEBUG] 2026/05/26 10:50:54.083298 (p *printerDevice) p.CheckInitial status:ffffffff, printer initialize status:true
[DEBUG] 2026/05/26 10:50:54.205280 (p *printerDevice) p.getStatus(&status) ok:false,ecode:-5, status:ffffffff
[DEBUG] 2026/05/26 10:50:54.205814 (p *printerDevice) p.CheckInitial status:ffffffff, printer initialize status:true
[DEBUG] 2026/05/26 10:50:54.328626 (p *printerDevice) p.getStatus(&status) change status:bef:0xffffffff, new:0x00000000
[DEBUG] 2026/05/26 10:50:54.328626 (p *printerStatusController) cbPrinterStatus IN deviceNo:0a780ac904010001, statusReady:true, statusLine:true, printerStatus:0, deviceErrorCode:0
[DEBUG] 2026/05/26 10:50:54.329149 (MQTT) Publish,/almex/function/syslog/request_log,{"forceEncrypt":false,"generateDate":20260526,"generateTime":105054329,"logData":"サーマルプリンタ,NP3911,0a780ac904010001","logLevel":"DEBUG","logSummary":"サーマルプリンタ回線接続","requestId":"ALPS0021"}
[DEBUG] 2026/05/26 10:50:54.329659 (MQTT) Publish,/almex/device/prints/notice_status,{"deviceNo":"0a780ac904010001","monitorMode":false,"printerName":"NPI Integration Driver","statusError":true,"statusLine":true,"statusOnline":true,"statusPaperEnd":false,"statusPaperNear":false,"statusPaperWait":false,"statusReady":true}
[DEBUG] 2026/05/26 10:50:54.330170 (p *printerStatusController) cbPrinterStatus OUT(true)
[DEBUG] 2026/05/26 10:50:54.330170 (MQTT) Publish,/almex/function/syslog/request_log,{"forceEncrypt":false,"generateDate":20260526,"generateTime":105054329,"logData":"サーマルプリンタ,NP3911,0a780ac904010001(StatusReady:true,monitorMode:false,monitorId:,monitorId:,StatusLine:true,statusOnline:true,statusOnline:true,StatusError:true,statusPaperWait:false,statusPaperEnd:false,statusPaperNear:false,errorHead:false,errorBezelConn:false,errorBezelJam:false,errorBezelPaper:false,errorCutter:false,errorCover:false,errorBlackMark:false)","logLevel":"DEBUG","logSummary":"サーマルプリンタステータス通知","requestId":"ALPS0300"}
