[SIGNAL] 2026/05/26 10:50:49.687470 [->送信][stage=0][event=1][signal=5H][ENQ]
[SIGNAL] 2026/05/26 10:50:49.687981 [<-受信][stage=2][event=2][signal=10H][DLE]
[SIGNAL] 2026/05/26 10:50:49.687981 [<-受信][stage=3][event=3][signal=30H][0]
[SIGNAL] 2026/05/26 10:50:49.688601 [->送信][stage=3][event=2][signal=10H][DLE]
[SIGNAL] 2026/05/26 10:50:49.689115 [->送信][stage=3][event=7][signal=2H][STX]
[SIGNAL] 2026/05/26 10:50:49.689115 [->送信][stage=3][event=3][signal=30H][0]
[SIGNAL] 2026/05/26 10:50:49.689635 [->送信][stage=3][event=9][signal=1H][]
[SIGNAL] 2026/05/26 10:50:49.689635 [->送信][stage=3][event=9][signal=1H][]
[SIGNAL] 2026/05/26 10:50:49.689635 [->送信][stage=3][event=9][signal=1H][]
[SIGNAL] 2026/05/26 10:50:49.689635 [->送信][stage=3][event=9][signal=1H][]
[SIGNAL] 2026/05/26 10:50:49.690644 [->送信][stage=3][event=9][signal=1H][]
[SIGNAL] 2026/05/26 10:50:49.690644 [->送信][stage=3][event=2][signal=10H][DLE]
[SIGNAL] 2026/05/26 10:50:49.690644 [->送信][stage=3][event=8][signal=3H][ETX]
[SIGNAL] 2026/05/26 10:50:49.691198 [->送信][stage=3][event=9][signal=22H][]
[SIGNAL] 2026/05/26 10:50:49.691198 [<-受信][stage=4][event=2][signal=10H][DLE]
[SIGNAL] 2026/05/26 10:50:49.691723 [<-受信][stage=5][event=4][signal=31H][1]
[SIGNAL] 2026/05/26 10:50:49.691723 [->送信][stage=5][event=0][signal=4H][EOT]
[SIGNAL] 2026/05/26 10:50:49.699828 [<-受信][stage=0][event=1][signal=5H][ENQ]
[SIGNAL] 2026/05/26 10:50:49.699828 [->送信][stage=0][event=2][signal=10H][DLE]
[SIGNAL] 2026/05/26 10:50:49.700369 [->送信][stage=0][event=3][signal=30H][0]
[SIGNAL] 2026/05/26 10:50:49.702931 [<-受信][stage=6][event=2][signal=10H][DLE]
[SIGNAL] 2026/05/26 10:50:49.702931 [<-受信][stage=9][event=7][signal=2H][STX]
[SIGNAL] 2026/05/26 10:50:49.703442 [<-受信][stage=9][event=9][signal=52H][]
[SIGNAL] 2026/05/26 10:50:49.703442 [<-受信][stage=9][event=9][signal=0H][]
[SIGNAL] 2026/05/26 10:50:49.703965 [<-受信][stage=9][event=7][signal=2H][STX]
[SIGNAL] 2026/05/26 10:50:49.703965 [<-受信][stage=9][event=9][signal=0H][]
[SIGNAL] 2026/05/26 10:50:49.704476 [<-受信][stage=9][event=9][signal=70H][]
[SIGNAL] 2026/05/26 10:50:49.704476 [<-受信][stage=9][event=9][signal=0H][]
[SIGNAL] 2026/05/26 10:50:49.704986 [<-受信][stage=9][event=9][signal=0H][]
[SIGNAL] 2026/05/26 10:50:49.704986 [<-受信][stage=9][event=9][signal=0H][]
[SIGNAL] 2026/05/26 10:50:49.704986 [<-受信][stage=9][event=9][signal=0H][]
[SIGNAL] 2026/05/26 10:50:49.705994 [<-受信][stage=9][event=9][signal=0H][]
[SIGNAL] 2026/05/26 10:50:49.705994 [<-受信][stage=9][event=9][signal=0H][]
[SIGNAL] 2026/05/26 10:50:49.706523 [<-受信][stage=9][event=9][signal=0H][]
[SIGNAL] 2026/05/26 10:50:49.706523 [<-受信][stage=9][event=9][signal=0H][]
[SIGNAL] 2026/05/26 10:50:49.707033 [<-受信][stage=9][event=9][signal=0H][]
[SIGNAL] 2026/05/26 10:50:49.707033 [<-受信][stage=9][event=9][signal=0H][]
[SIGNAL] 2026/05/26 10:50:49.707033 [<-受信][stage=9][event=9][signal=0H][]
[SIGNAL] 2026/05/26 10:50:49.707033 [<-受信][stage=9][event=9][signal=0H][]
[SIGNAL] 2026/05/26 10:50:49.708045 [<-受信][stage=9][event=9][signal=0H][]
[SIGNAL] 2026/05/26 10:50:49.708556 [<-受信][stage=9][event=9][signal=0H][]
[SIGNAL] 2026/05/26 10:50:49.708556 [<-受信][stage=10][event=2][signal=10H][DLE]
[SIGNAL] 2026/05/26 10:50:49.709081 [<-受信][stage=10][event=8][signal=3H][ETX]
[SIGNAL] 2026/05/26 10:50:49.709081 [<-受信][stage=11][event=9][signal=33H][]
[SIGNAL] 2026/05/26 10:50:49.709081 [->送信][stage=11][event=2][signal=10H][DLE]
[SIGNAL] 2026/05/26 10:50:49.709081 [->送信][stage=11][event=4][signal=31H][1]
[SIGNAL] 2026/05/26 10:50:49.710092 [<-受信][stage=12][event=0][signal=4H][EOT]
[SIGNAL] 2026/05/26 10:50:53.712144 [->送信][stage=0][event=1][signal=5H][ENQ]
[SIGNAL] 2026/05/26 10:50:53.712712 [<-受信][stage=2][event=2][signal=10H][DLE]
[SIGNAL] 2026/05/26 10:50:53.713236 [->送信][stage=3][event=2][signal=10H][DLE]
[SIGNAL] 2026/05/26 10:50:53.713747 [->送信][stage=3][event=7][signal=2H][STX]
[SIGNAL] 2026/05/26 10:50:53.714260 [->送信][stage=3][event=3][signal=30H][0]
[SIGNAL] 2026/05/26 10:50:53.714856 [->送信][stage=3][event=9][signal=1H][]
[SIGNAL] 2026/05/26 10:50:53.715368 [->送信][stage=3][event=9][signal=1H][]
[SIGNAL] 2026/05/26 10:50:53.715368 [->送信][stage=3][event=9][signal=1H][]
[SIGNAL] 2026/05/26 10:50:53.716421 [->送信][stage=3][event=9][signal=1H][]
[SIGNAL] 2026/05/26 10:50:53.719451 [->送信][stage=3][event=9][signal=1H][]
[SIGNAL] 2026/05/26 10:50:53.720451 [->送信][stage=3][event=2][signal=10H][DLE]
[SIGNAL] 2026/05/26 10:50:53.720954 [->送信][stage=3][event=8][signal=3H][ETX]
[SIGNAL] 2026/05/26 10:50:53.720954 [->送信][stage=3][event=9][signal=22H][]
[SIGNAL] 2026/05/26 10:50:53.721953 [<-受信][stage=4][event=3][signal=30H][0]
[SIGNAL] 2026/05/26 10:50:53.722456 [<-受信][stage=4][event=2][signal=10H][DLE]
[SIGNAL] 2026/05/26 10:50:53.722456 [<-受信][stage=5][event=4][signal=31H][1]
[SIGNAL] 2026/05/26 10:50:53.722456 [->送信][stage=5][event=0][signal=4H][EOT]
[SIGNAL] 2026/05/26 10:50:53.724573 [<-受信][stage=0][event=1][signal=5H][ENQ]
[SIGNAL] 2026/05/26 10:50:53.728057 [->送信][stage=0][event=2][signal=10H][DLE]
[SIGNAL] 2026/05/26 10:50:53.730069 [->送信][stage=0][event=3][signal=30H][0]
[SIGNAL] 2026/05/26 10:50:53.730580 [<-受信][stage=6][event=2][signal=10H][DLE]
[SIGNAL] 2026/05/26 10:50:53.731158 [<-受信][stage=9][event=7][signal=2H][STX]
[SIGNAL] 2026/05/26 10:50:53.732359 [<-受信][stage=9][event=3][signal=30H][0]
[SIGNAL] 2026/05/26 10:50:53.732872 [<-受信][stage=9][event=0][signal=4H][EOT]
[SIGNAL] 2026/05/26 10:50:53.733442 [<-受信][stage=9][event=7][signal=2H][STX]
[SIGNAL] 2026/05/26 10:50:53.733953 [<-受信][stage=9][event=9][signal=0H][]
[SIGNAL] 2026/05/26 10:50:53.733953 [<-受信][stage=9][event=9][signal=70H][]
[SIGNAL] 2026/05/26 10:50:53.734550 [<-受信][stage=9][event=9][signal=0H][]
[SIGNAL] 2026/05/26 10:50:53.734550 [<-受信][stage=9][event=9][signal=0H][]
[SIGNAL] 2026/05/26 10:50:53.734550 [<-受信][stage=10][event=2][signal=10H][DLE]
[SIGNAL] 2026/05/26 10:50:53.736052 [<-受信][stage=10][event=8][signal=3H][ETX]
[SIGNAL] 2026/05/26 10:50:53.736596 [<-受信][stage=11][event=9][signal=55H][]
[SIGNAL] 2026/05/26 10:50:53.736596 [->送信][stage=11][event=2][signal=10H][DLE]
[SIGNAL] 2026/05/26 10:50:53.739260 [->送信][stage=11][event=4][signal=31H][1]
[SIGNAL] 2026/05/26 10:50:53.741453 [<-受信][stage=12][event=0][signal=4H][EOT]
[SIGNAL] 2026/05/26 10:50:57.224287 [<-受信][stage=0][event=1][signal=5H][ENQ]
[SIGNAL] 2026/05/26 10:50:57.224791 [->送信][stage=0][event=2][signal=10H][DLE]
[SIGNAL] 2026/05/26 10:50:57.225630 [->送信][stage=0][event=3][signal=30H][0]
[SIGNAL] 2026/05/26 10:50:57.226156 [<-受信][stage=6][event=2][signal=10H][DLE]
[SIGNAL] 2026/05/26 10:50:57.226711 [<-受信][stage=9][event=7][signal=2H][STX]
[SIGNAL] 2026/05/26 10:50:57.227223 [<-受信][stage=9][event=3][signal=30H][0]
[SIGNAL] 2026/05/26 10:50:57.227798 [<-受信][stage=9][event=9][signal=0H][]
[SIGNAL] 2026/05/26 10:50:57.227798 [<-受信][stage=9][event=0][signal=4H][EOT]
[SIGNAL] 2026/05/26 10:50:57.227798 [<-受信][stage=9][event=9][signal=0H][]
[SIGNAL] 2026/05/26 10:50:57.228800 [<-受信][stage=9][event=9][signal=70H][]
[SIGNAL] 2026/05/26 10:50:57.228800 [<-受信][stage=9][event=9][signal=0H][]
[SIGNAL] 2026/05/26 10:50:57.229303 [<-受信][stage=9][event=9][signal=0H][]
[SIGNAL] 2026/05/26 10:50:57.229815 [<-受信][stage=10][event=2][signal=10H][DLE]
[SIGNAL] 2026/05/26 10:50:57.229815 [<-受信][stage=10][event=8][signal=3H][ETX]
[SIGNAL] 2026/05/26 10:50:57.230329 [<-受信][stage=11][event=9][signal=57H][]
[SIGNAL] 2026/05/26 10:50:57.230329 [->送信][stage=11][event=2][signal=10H][DLE]
[SIGNAL] 2026/05/26 10:50:57.230851 [->送信][stage=11][event=4][signal=31H][1]
[SIGNAL] 2026/05/26 10:50:57.230851 [<-受信][stage=12][event=0][signal=4H][EOT]
[SIGNAL] 2026/05/26 10:50:58.234297 [->送信][stage=0][event=1][signal=5H][ENQ]
[SIGNAL] 2026/05/26 10:50:58.234799 [<-受信][stage=2][event=2][signal=10H][DLE]
[SIGNAL] 2026/05/26 10:50:58.234799 [<-受信][stage=3][event=3][signal=30H][0]
[SIGNAL] 2026/05/26 10:50:58.234799 [->送信][stage=3][event=2][signal=10H][DLE]
[SIGNAL] 2026/05/26 10:50:58.235798 [->送信][stage=3][event=7][signal=2H][STX]
[SIGNAL] 2026/05/26 10:50:58.235798 [->送信][stage=3][event=4][signal=31H][1]
[SIGNAL] 2026/05/26 10:50:58.235798 [->送信][stage=3][event=9][signal=1H][]
[SIGNAL] 2026/05/26 10:50:58.236302 [->送信][stage=3][event=9][signal=1H][]
[SIGNAL] 2026/05/26 10:50:58.236302 [->送信][stage=3][event=9][signal=1H][]
[SIGNAL] 2026/05/26 10:50:58.236302 [->送信][stage=3][event=9][signal=1H][]
[SIGNAL] 2026/05/26 10:50:58.236302 [->送信][stage=3][event=9][signal=1H][]
[SIGNAL] 2026/05/26 10:50:58.237300 [->送信][stage=3][event=9][signal=50H][]
[SIGNAL] 2026/05/26 10:50:58.237300 [->送信][stage=3][event=2][signal=10H][DLE]
[SIGNAL] 2026/05/26 10:50:58.237300 [->送信][stage=3][event=8][signal=3H][ETX]
[SIGNAL] 2026/05/26 10:50:58.237802 [->送信][stage=3][event=9][signal=73H][]
[SIGNAL] 2026/05/26 10:50:58.237802 [<-受信][stage=4][event=2][signal=10H][DLE]
[SIGNAL] 2026/05/26 10:50:58.237802 [<-受信][stage=5][event=4][signal=31H][1]
[SIGNAL] 2026/05/26 10:50:58.237802 [->送信][stage=5][event=0][signal=4H][EOT]
[SIGNAL] 2026/05/26 10:50:58.247381 [<-受信][stage=0][event=1][signal=5H][ENQ]
[SIGNAL] 2026/05/26 10:50:58.247381 [->送信][stage=0][event=2][signal=10H][DLE]
[SIGNAL] 2026/05/26 10:50:58.247888 [->送信][stage=0][event=3][signal=30H][0]
[SIGNAL] 2026/05/26 10:50:58.248908 [<-受信][stage=6][event=2][signal=10H][DLE]
[SIGNAL] 2026/05/26 10:50:58.249416 [<-受信][stage=9][event=7][signal=2H][STX]
[SIGNAL] 2026/05/26 10:50:58.249926 [<-受信][stage=9][event=4][signal=31H][1]
[SIGNAL] 2026/05/26 10:50:58.249926 [<-受信][stage=9][event=0][signal=4H][EOT]
[SIGNAL] 2026/05/26 10:50:58.251941 [<-受信][stage=9][event=0][signal=4H][EOT]
[SIGNAL] 2026/05/26 10:50:58.251941 [<-受信][stage=9][event=9][signal=0H][]
[SIGNAL] 2026/05/26 10:50:58.252451 [<-受信][stage=9][event=9][signal=70H][]
[SIGNAL] 2026/05/26 10:50:58.252962 [<-受信][stage=9][event=9][signal=0H][]
[SIGNAL] 2026/05/26 10:50:58.252962 [<-受信][stage=9][event=9][signal=0H][]
[SIGNAL] 2026/05/26 10:50:58.253474 [<-受信][stage=10][event=2][signal=10H][DLE]
[SIGNAL] 2026/05/26 10:50:58.253474 [<-受信][stage=10][event=8][signal=3H][ETX]
[SIGNAL] 2026/05/26 10:50:58.253474 [<-受信][stage=11][event=9][signal=52H][]
[SIGNAL] 2026/05/26 10:50:58.253983 [->送信][stage=11][event=2][signal=10H][DLE]
[SIGNAL] 2026/05/26 10:50:58.253983 [->送信][stage=11][event=4][signal=31H][1]
[SIGNAL] 2026/05/26 10:50:58.253983 [<-受信][stage=12][event=0][signal=4H][EOT]
[SIGNAL] 2026/05/26 10:50:59.258405 [->送信][stage=0][event=1][signal=5H][ENQ]
[SIGNAL] 2026/05/26 10:50:59.259411 [<-受信][stage=2][event=2][signal=10H][DLE]
[SIGNAL] 2026/05/26 10:50:59.259411 [<-受信][stage=3][event=3][signal=30H][0]
[SIGNAL] 2026/05/26 10:50:59.259952 [->送信][stage=3][event=2][signal=10H][DLE]
[SIGNAL] 2026/05/26 10:50:59.259952 [->送信][stage=3][event=7][signal=2H][STX]
[SIGNAL] 2026/05/26 10:50:59.259952 [->送信][stage=3][event=9][signal=50H][]
[SIGNAL] 2026/05/26 10:50:59.259952 [->送信][stage=3][event=9][signal=1H][]
[SIGNAL] 2026/05/26 10:50:59.260462 [->送信][stage=3][event=9][signal=1H][]
[SIGNAL] 2026/05/26 10:50:59.260462 [->送信][stage=3][event=9][signal=1H][]
[SIGNAL] 2026/05/26 10:50:59.260998 [->送信][stage=3][event=9][signal=1H][]
[SIGNAL] 2026/05/26 10:50:59.261519 [->送信][stage=3][event=9][signal=1H][]
[SIGNAL] 2026/05/26 10:50:59.261519 [->送信][stage=3][event=2][signal=10H][DLE]
[SIGNAL] 2026/05/26 10:50:59.261519 [->送信][stage=3][event=8][signal=3H][ETX]
[SIGNAL] 2026/05/26 10:50:59.262060 [->送信][stage=3][event=9][signal=42H][]
[SIGNAL] 2026/05/26 10:50:59.262060 [<-受信][stage=4][event=2][signal=10H][DLE]
[SIGNAL] 2026/05/26 10:50:59.262572 [<-受信][stage=5][event=4][signal=31H][1]
[SIGNAL] 2026/05/26 10:50:59.262572 [->送信][stage=5][event=0][signal=4H][EOT]
[SIGNAL] 2026/05/26 10:50:59.271270 [<-受信][stage=0][event=1][signal=5H][ENQ]
[SIGNAL] 2026/05/26 10:50:59.271270 [->送信][stage=0][event=2][signal=10H][DLE]
[SIGNAL] 2026/05/26 10:50:59.271814 [->送信][stage=0][event=3][signal=30H][0]
[SIGNAL] 2026/05/26 10:50:59.277912 [<-受信][stage=6][event=2][signal=10H][DLE]
[SIGNAL] 2026/05/26 10:50:59.277912 [<-受信][stage=9][event=7][signal=2H][STX]
[SIGNAL] 2026/05/26 10:50:59.277912 [<-受信][stage=9][event=9][signal=50H][]
[SIGNAL] 2026/05/26 10:50:59.277912 [<-受信][stage=9][event=9][signal=0H][]
[SIGNAL] 2026/05/26 10:50:59.278963 [<-受信][stage=9][event=0][signal=4H][EOT]
[SIGNAL] 2026/05/26 10:50:59.278963 [<-受信][stage=9][event=9][signal=0H][]
[SIGNAL] 2026/05/26 10:50:59.279506 [<-受信][stage=9][event=9][signal=70H][]
[SIGNAL] 2026/05/26 10:50:59.279506 [<-受信][stage=9][event=9][signal=0H][]
[SIGNAL] 2026/05/26 10:50:59.280011 [<-受信][stage=9][event=9][signal=0H][]
[SIGNAL] 2026/05/26 10:50:59.280011 [<-受信][stage=9][event=9][signal=33H][]
[SIGNAL] 2026/05/26 10:50:59.280011 [<-受信][stage=9][event=9][signal=37H][]
[SIGNAL] 2026/05/26 10:50:59.280532 [<-受信][stage=9][event=9][signal=32H][]
[SIGNAL] 2026/05/26 10:50:59.280532 [<-受信][stage=9][event=9][signal=35H][]
[SIGNAL] 2026/05/26 10:50:59.280532 [<-受信][stage=9][event=9][signal=42H][]
[SIGNAL] 2026/05/26 10:50:59.281042 [<-受信][stage=9][event=9][signal=42H][]
[SIGNAL] 2026/05/26 10:50:59.281042 [<-受信][stage=9][event=4][signal=31H][1]
[SIGNAL] 2026/05/26 10:50:59.281042 [<-受信][stage=9][event=3][signal=30H][0]
[SIGNAL] 2026/05/26 10:50:59.281042 [<-受信][stage=9][event=4][signal=31H][1]
[SIGNAL] 2026/05/26 10:50:59.281581 [<-受信][stage=9][event=9][signal=33H][]
[SIGNAL] 2026/05/26 10:50:59.281581 [<-受信][stage=9][event=9][signal=20H][]
[SIGNAL] 2026/05/26 10:50:59.281581 [<-受信][stage=9][event=9][signal=0H][]
[SIGNAL] 2026/05/26 10:50:59.281581 [<-受信][stage=9][event=9][signal=33H][]
[SIGNAL] 2026/05/26 10:50:59.282092 [<-受信][stage=9][event=9][signal=37H][]
[SIGNAL] 2026/05/26 10:50:59.282092 [<-受信][stage=9][event=9][signal=32H][]
[SIGNAL] 2026/05/26 10:50:59.282092 [<-受信][stage=9][event=9][signal=35H][]
[SIGNAL] 2026/05/26 10:50:59.282633 [<-受信][stage=9][event=9][signal=42H][]
[SIGNAL] 2026/05/26 10:50:59.282633 [<-受信][stage=9][event=9][signal=35H][]
[SIGNAL] 2026/05/26 10:50:59.282633 [<-受信][stage=9][event=3][signal=30H][0]
[SIGNAL] 2026/05/26 10:50:59.283141 [<-受信][stage=9][event=4][signal=31H][1]
[SIGNAL] 2026/05/26 10:50:59.283141 [<-受信][stage=9][event=4][signal=31H][1]
[SIGNAL] 2026/05/26 10:50:59.283141 [<-受信][stage=9][event=9][signal=32H][]
[SIGNAL] 2026/05/26 10:50:59.283141 [<-受信][stage=9][event=9][signal=41H][]
[SIGNAL] 2026/05/26 10:50:59.283653 [<-受信][stage=9][event=9][signal=0H][]
[SIGNAL] 2026/05/26 10:50:59.283653 [<-受信][stage=9][event=9][signal=42H][]
[SIGNAL] 2026/05/26 10:50:59.283653 [<-受信][stage=9][event=3][signal=30H][0]
[SIGNAL] 2026/05/26 10:50:59.283653 [<-受信][stage=9][event=3][signal=30H][0]
[SIGNAL] 2026/05/26 10:50:59.283653 [<-受信][stage=9][event=9][signal=38H][]
[SIGNAL] 2026/05/26 10:50:59.283653 [<-受信][stage=9][event=9][signal=41H][]
[SIGNAL] 2026/05/26 10:50:59.284663 [<-受信][stage=9][event=9][signal=44H][]
[SIGNAL] 2026/05/26 10:50:59.284663 [<-受信][stage=9][event=9][signal=58H][]
[SIGNAL] 2026/05/26 10:50:59.284663 [<-受信][stage=9][event=9][signal=52H][]
[SIGNAL] 2026/05/26 10:50:59.284663 [<-受信][stage=9][event=9][signal=20H][]
[SIGNAL] 2026/05/26 10:50:59.285234 [<-受信][stage=9][event=9][signal=4aH][]
[SIGNAL] 2026/05/26 10:50:59.285234 [<-受信][stage=9][event=9][signal=50H][]
[SIGNAL] 2026/05/26 10:50:59.285234 [<-受信][stage=9][event=9][signal=4eH][]
[SIGNAL] 2026/05/26 10:50:59.285761 [<-受信][stage=9][event=9][signal=20H][]
[SIGNAL] 2026/05/26 10:50:59.285761 [<-受信][stage=9][event=9][signal=56H][]
[SIGNAL] 2026/05/26 10:50:59.285761 [<-受信][stage=9][event=4][signal=31H][1]
[SIGNAL] 2026/05/26 10:50:59.286276 [<-受信][stage=9][event=3][signal=30H][0]
[SIGNAL] 2026/05/26 10:50:59.286276 [<-受信][stage=9][event=4][signal=31H][1]
[SIGNAL] 2026/05/26 10:50:59.286276 [<-受信][stage=9][event=9][signal=2dH][]
[SIGNAL] 2026/05/26 10:50:59.286905 [<-受信][stage=9][event=9][signal=32H][]
[SIGNAL] 2026/05/26 10:50:59.286905 [<-受信][stage=9][event=9][signal=35H][]
[SIGNAL] 2026/05/26 10:50:59.286905 [<-受信][stage=9][event=9][signal=20H][]
[SIGNAL] 2026/05/26 10:50:59.286905 [<-受信][stage=9][event=4][signal=31H][1]
[SIGNAL] 2026/05/26 10:50:59.287914 [<-受信][stage=9][event=9][signal=38H][]
[SIGNAL] 2026/05/26 10:50:59.287914 [<-受信][stage=9][event=9][signal=53H][]
[SIGNAL] 2026/05/26 10:50:59.288465 [<-受信][stage=9][event=9][signal=45H][]
[SIGNAL] 2026/05/26 10:50:59.288465 [<-受信][stage=9][event=9][signal=50H][]
[SIGNAL] 2026/05/26 10:50:59.288465 [<-受信][stage=9][event=9][signal=32H][]
[SIGNAL] 2026/05/26 10:50:59.288978 [<-受信][stage=9][event=9][signal=34H][]
[SIGNAL] 2026/05/26 10:50:59.288978 [<-受信][stage=9][event=9][signal=20H][]
[SIGNAL] 2026/05/26 10:50:59.289488 [<-受信][stage=9][event=9][signal=20H][]
[SIGNAL] 2026/05/26 10:50:59.289488 [<-受信][stage=9][event=9][signal=20H][]
[SIGNAL] 2026/05/26 10:50:59.289488 [<-受信][stage=9][event=9][signal=20H][]
[SIGNAL] 2026/05/26 10:50:59.290499 [<-受信][stage=9][event=9][signal=20H][]
[SIGNAL] 2026/05/26 10:50:59.290499 [<-受信][stage=9][event=9][signal=20H][]
[SIGNAL] 2026/05/26 10:50:59.291011 [<-受信][stage=9][event=9][signal=20H][]
[SIGNAL] 2026/05/26 10:50:59.291011 [<-受信][stage=9][event=9][signal=20H][]
[SIGNAL] 2026/05/26 10:50:59.291011 [<-受信][stage=9][event=9][signal=20H][]
[SIGNAL] 2026/05/26 10:50:59.291011 [<-受信][stage=9][event=9][signal=20H][]
[SIGNAL] 2026/05/26 10:50:59.291011 [<-受信][stage=9][event=9][signal=20H][]
[SIGNAL] 2026/05/26 10:50:59.292024 [<-受信][stage=9][event=9][signal=20H][]
[SIGNAL] 2026/05/26 10:50:59.292024 [<-受信][stage=9][event=9][signal=20H][]
[SIGNAL] 2026/05/26 10:50:59.292537 [<-受信][stage=9][event=9][signal=20H][]
[SIGNAL] 2026/05/26 10:50:59.292537 [<-受信][stage=9][event=9][signal=20H][]
[SIGNAL] 2026/05/26 10:50:59.292537 [<-受信][stage=9][event=9][signal=20H][]
[SIGNAL] 2026/05/26 10:50:59.292537 [<-受信][stage=9][event=9][signal=20H][]
[SIGNAL] 2026/05/26 10:50:59.293547 [<-受信][stage=9][event=9][signal=20H][]
[SIGNAL] 2026/05/26 10:50:59.293547 [<-受信][stage=9][event=9][signal=20H][]
[SIGNAL] 2026/05/26 10:50:59.294060 [<-受信][stage=9][event=9][signal=20H][]
[SIGNAL] 2026/05/26 10:50:59.294569 [<-受信][stage=9][event=9][signal=20H][]
[SIGNAL] 2026/05/26 10:50:59.294569 [<-受信][stage=9][event=9][signal=20H][]
[SIGNAL] 2026/05/26 10:50:59.295080 [<-受信][stage=9][event=9][signal=20H][]
[SIGNAL] 2026/05/26 10:50:59.295080 [<-受信][stage=9][event=9][signal=20H][]
[SIGNAL] 2026/05/26 10:50:59.295592 [<-受信][stage=9][event=9][signal=20H][]
[SIGNAL] 2026/05/26 10:50:59.295592 [<-受信][stage=9][event=9][signal=20H][]
[SIGNAL] 2026/05/26 10:50:59.296104 [<-受信][stage=9][event=9][signal=20H][]
[SIGNAL] 2026/05/26 10:50:59.296104 [<-受信][stage=9][event=9][signal=20H][]
[SIGNAL] 2026/05/26 10:50:59.296617 [<-受信][stage=9][event=9][signal=20H][]
[SIGNAL] 2026/05/26 10:50:59.296617 [<-受信][stage=9][event=9][signal=20H][]
[SIGNAL] 2026/05/26 10:50:59.297128 [<-受信][stage=9][event=9][signal=20H][]
[SIGNAL] 2026/05/26 10:50:59.297128 [<-受信][stage=9][event=9][signal=20H][]
[SIGNAL] 2026/05/26 10:50:59.297128 [<-受信][stage=9][event=9][signal=20H][]
[SIGNAL] 2026/05/26 10:50:59.297128 [<-受信][stage=9][event=9][signal=20H][]
[SIGNAL] 2026/05/26 10:50:59.298142 [<-受信][stage=9][event=9][signal=20H][]
[SIGNAL] 2026/05/26 10:50:59.298142 [<-受信][stage=9][event=9][signal=20H][]
[SIGNAL] 2026/05/26 10:50:59.298142 [<-受信][stage=9][event=9][signal=20H][]
[SIGNAL] 2026/05/26 10:50:59.298655 [<-受信][stage=9][event=9][signal=20H][]
[SIGNAL] 2026/05/26 10:50:59.298655 [<-受信][stage=9][event=9][signal=20H][]
[SIGNAL] 2026/05/26 10:50:59.298655 [<-受信][stage=9][event=9][signal=0H][]
[SIGNAL] 2026/05/26 10:50:59.299168 [<-受信][stage=9][event=3][signal=30H][0]
[SIGNAL] 2026/05/26 10:50:59.299168 [<-受信][stage=9][event=3][signal=30H][0]
[SIGNAL] 2026/05/26 10:50:59.299168 [<-受信][stage=9][event=3][signal=30H][0]
[SIGNAL] 2026/05/26 10:50:59.299680 [<-受信][stage=9][event=3][signal=30H][0]
[SIGNAL] 2026/05/26 10:50:59.299680 [<-受信][stage=9][event=3][signal=30H][0]
[SIGNAL] 2026/05/26 10:50:59.299680 [<-受信][stage=9][event=3][signal=30H][0]
[SIGNAL] 2026/05/26 10:50:59.300193 [<-受信][stage=9][event=3][signal=30H][0]
[SIGNAL] 2026/05/26 10:50:59.300193 [<-受信][stage=9][event=9][signal=37H][]
[SIGNAL] 2026/05/26 10:50:59.300193 [<-受信][stage=9][event=9][signal=32H][]
[SIGNAL] 2026/05/26 10:50:59.300193 [<-受信][stage=9][event=9][signal=34H][]
[SIGNAL] 2026/05/26 10:50:59.300716 [<-受信][stage=9][event=4][signal=31H][1]
[SIGNAL] 2026/05/26 10:50:59.301240 [<-受信][stage=9][event=3][signal=30H][0]
[SIGNAL] 2026/05/26 10:50:59.301240 [<-受信][stage=9][event=3][signal=30H][0]
[SIGNAL] 2026/05/26 10:50:59.301753 [<-受信][stage=9][event=3][signal=30H][0]
[SIGNAL] 2026/05/26 10:50:59.301753 [<-受信][stage=9][event=3][signal=30H][0]
[SIGNAL] 2026/05/26 10:50:59.301753 [<-受信][stage=9][event=3][signal=30H][0]
[SIGNAL] 2026/05/26 10:50:59.301753 [<-受信][stage=9][event=3][signal=30H][0]
[SIGNAL] 2026/05/26 10:50:59.301753 [<-受信][stage=9][event=9][signal=34H][]
[SIGNAL] 2026/05/26 10:50:59.301753 [<-受信][stage=9][event=9][signal=0H][]
[SIGNAL] 2026/05/26 10:50:59.301753 [<-受信][stage=9][event=9][signal=0H][]
[SIGNAL] 2026/05/26 10:50:59.302768 [<-受信][stage=9][event=9][signal=2aH][]
[SIGNAL] 2026/05/26 10:50:59.302768 [<-受信][stage=9][event=9][signal=2aH][]
[SIGNAL] 2026/05/26 10:50:59.302768 [<-受信][stage=9][event=9][signal=2aH][]
[SIGNAL] 2026/05/26 10:50:59.303281 [<-受信][stage=9][event=9][signal=2aH][]
[SIGNAL] 2026/05/26 10:50:59.303281 [<-受信][stage=9][event=9][signal=2aH][]
[SIGNAL] 2026/05/26 10:50:59.303281 [<-受信][stage=9][event=9][signal=2aH][]
[SIGNAL] 2026/05/26 10:50:59.303281 [<-受信][stage=9][event=9][signal=2aH][]
[SIGNAL] 2026/05/26 10:50:59.303281 [<-受信][stage=9][event=9][signal=2aH][]
[SIGNAL] 2026/05/26 10:50:59.303281 [<-受信][stage=9][event=9][signal=2aH][]
[SIGNAL] 2026/05/26 10:50:59.303281 [<-受信][stage=9][event=9][signal=2aH][]
[SIGNAL] 2026/05/26 10:50:59.303281 [<-受信][stage=9][event=9][signal=2aH][]
[SIGNAL] 2026/05/26 10:50:59.304293 [<-受信][stage=9][event=9][signal=2aH][]
[SIGNAL] 2026/05/26 10:50:59.304293 [<-受信][stage=9][event=3][signal=30H][0]
[SIGNAL] 2026/05/26 10:50:59.304293 [<-受信][stage=9][event=9][signal=aH][]
[SIGNAL] 2026/05/26 10:50:59.304805 [<-受信][stage=9][event=9][signal=0H][]
[SIGNAL] 2026/05/26 10:50:59.304805 [<-受信][stage=9][event=9][signal=a0H][]
[SIGNAL] 2026/05/26 10:50:59.304805 [<-受信][stage=9][event=9][signal=5eH][]
[SIGNAL] 2026/05/26 10:50:59.304805 [<-受信][stage=9][event=9][signal=47H][]
[SIGNAL] 2026/05/26 10:50:59.304805 [<-受信][stage=9][event=9][signal=4bH][]
[SIGNAL] 2026/05/26 10:50:59.304805 [<-受信][stage=9][event=9][signal=0H][]
[SIGNAL] 2026/05/26 10:50:59.304805 [<-受信][stage=9][event=4][signal=31H][1]
[SIGNAL] 2026/05/26 10:50:59.304805 [<-受信][stage=9][event=9][signal=60H][]
[SIGNAL] 2026/05/26 10:50:59.305816 [<-受信][stage=9][event=9][signal=8cH][]
[SIGNAL] 2026/05/26 10:50:59.306328 [<-受信][stage=9][event=9][signal=64H][]
[SIGNAL] 2026/05/26 10:50:59.306328 [<-受信][stage=9][event=9][signal=c8H][]
[SIGNAL] 2026/05/26 10:50:59.306328 [<-受信][stage=9][event=9][signal=0H][]
[SIGNAL] 2026/05/26 10:50:59.306328 [<-受信][stage=9][event=9][signal=0H][]
[SIGNAL] 2026/05/26 10:50:59.306328 [<-受信][stage=9][event=9][signal=0H][]
[SIGNAL] 2026/05/26 10:50:59.307343 [<-受信][stage=9][event=2][signal=10H][DLE]
[SIGNAL] 2026/05/26 10:50:59.307343 [<-受信][stage=11][event=8][signal=3H][ETX]
[SIGNAL] 2026/05/26 10:50:59.307343 [<-受信][stage=11][event=9][signal=b9H][]
[SIGNAL] 2026/05/26 10:50:59.307856 [->送信][stage=11][event=2][signal=10H][DLE]
[SIGNAL] 2026/05/26 10:50:59.307856 [->送信][stage=11][event=4][signal=31H][1]
[SIGNAL] 2026/05/26 10:50:59.307856 [<-受信][stage=12][event=0][signal=4H][EOT]
[SIGNAL] 2026/05/26 10:51:00.297388 [->送信][stage=0][event=1][signal=5H][ENQ]
[SIGNAL] 2026/05/26 10:51:00.298426 [<-受信][stage=2][event=2][signal=10H][DLE]
[SIGNAL] 2026/05/26 10:51:00.298426 [<-受信][stage=3][event=3][signal=30H][0]
[SIGNAL] 2026/05/26 10:51:00.298933 [->送信][stage=3][event=2][signal=10H][DLE]
[SIGNAL] 2026/05/26 10:51:00.298933 [->送信][stage=3][event=7][signal=2H][STX]
[SIGNAL] 2026/05/26 10:51:00.298933 [->送信][stage=3][event=9][signal=51H][]
[SIGNAL] 2026/05/26 10:51:00.299944 [->送信][stage=3][event=9][signal=1H][]
[SIGNAL] 2026/05/26 10:51:00.299944 [->送信][stage=3][event=9][signal=1H][]
[SIGNAL] 2026/05/26 10:51:00.299944 [->送信][stage=3][event=9][signal=1H][]
[SIGNAL] 2026/05/26 10:51:00.300489 [->送信][stage=3][event=9][signal=1H][]
[SIGNAL] 2026/05/26 10:51:00.300489 [->送信][stage=3][event=9][signal=1H][]
[SIGNAL] 2026/05/26 10:51:00.301001 [->送信][stage=3][event=2][signal=10H][DLE]
[SIGNAL] 2026/05/26 10:51:00.301001 [->送信][stage=3][event=8][signal=3H][ETX]
[SIGNAL] 2026/05/26 10:51:00.301512 [->送信][stage=3][event=9][signal=43H][]
[SIGNAL] 2026/05/26 10:51:00.301512 [<-受信][stage=4][event=2][signal=10H][DLE]
[SIGNAL] 2026/05/26 10:51:00.301512 [<-受信][stage=5][event=4][signal=31H][1]
[SIGNAL] 2026/05/26 10:51:00.302035 [->送信][stage=5][event=0][signal=4H][EOT]
[SIGNAL] 2026/05/26 10:51:00.309639 [<-受信][stage=0][event=1][signal=5H][ENQ]
[SIGNAL] 2026/05/26 10:51:00.309639 [->送信][stage=0][event=2][signal=10H][DLE]
[SIGNAL] 2026/05/26 10:51:00.310649 [->送信][stage=0][event=3][signal=30H][0]
[SIGNAL] 2026/05/26 10:51:00.312687 [<-受信][stage=6][event=2][signal=10H][DLE]
[SIGNAL] 2026/05/26 10:51:00.312687 [<-受信][stage=8][event=7][signal=2H][STX]
[SIGNAL] 2026/05/26 10:51:00.312687 [<-受信][stage=9][event=9][signal=51H][]
[SIGNAL] 2026/05/26 10:51:00.312687 [<-受信][stage=9][event=9][signal=0H][]
[SIGNAL] 2026/05/26 10:51:00.312687 [<-受信][stage=9][event=0][signal=4H][EOT]
[SIGNAL] 2026/05/26 10:51:00.312687 [<-受信][stage=9][event=9][signal=0H][]
[SIGNAL] 2026/05/26 10:51:00.313706 [<-受信][stage=9][event=9][signal=70H][]
[SIGNAL] 2026/05/26 10:51:00.314219 [<-受信][stage=9][event=9][signal=0H][]
[SIGNAL] 2026/05/26 10:51:00.314219 [<-受信][stage=9][event=9][signal=0H][]
[SIGNAL] 2026/05/26 10:51:00.314219 [<-受信][stage=9][event=9][signal=40H][]
[SIGNAL] 2026/05/26 10:51:00.315243 [<-受信][stage=9][event=9][signal=20H][]
[SIGNAL] 2026/05/26 10:51:00.315243 [<-受信][stage=9][event=9][signal=0H][]
[SIGNAL] 2026/05/26 10:51:00.315759 [<-受信][stage=9][event=9][signal=0H][]
[SIGNAL] 2026/05/26 10:51:00.315759 [<-受信][stage=9][event=2][signal=10H][DLE]
[SIGNAL] 2026/05/26 10:51:00.315759 [<-受信][stage=9][event=2][signal=10H][DLE]
[SIGNAL] 2026/05/26 10:51:00.315759 [<-受信][stage=9][event=2][signal=10H][DLE]
[SIGNAL] 2026/05/26 10:51:00.316771 [<-受信][stage=11][event=8][signal=3H][ETX]
[SIGNAL] 2026/05/26 10:51:00.316771 [<-受信][stage=11][event=9][signal=46H][]
[SIGNAL] 2026/05/26 10:51:00.317284 [->送信][stage=11][event=2][signal=10H][DLE]
[SIGNAL] 2026/05/26 10:51:00.317284 [->送信][stage=11][event=4][signal=31H][1]
[SIGNAL] 2026/05/26 10:51:00.317284 [<-受信][stage=12][event=0][signal=4H][EOT]
