[DEBUG] 2026/05/26 10:50:32.148440 (MQTT) Receive,/tex/unifunc/payment/request_control_service,{"requestInfo":{"processId":"000018c0","pcId":"","requestId":"rqCtrSv_unifuncpayment_248944id20"},"statusService":false,"idDevice":"","idExtSys":""}
[DEBUG] 2026/05/26 10:50:32.148951 (MQTT) Unsubscribe client.Subscribe OK,/tex/unifunc/payment/request_start_transaction
[DEBUG] 2026/05/26 10:50:32.149487 (MQTT) Unsubscribe client.Subscribe OK,/tex/unifunc/payment/request_end_transaction
[DEBUG] 2026/05/26 10:50:32.149487 (MQTT) Unsubscribe client.Subscribe OK,/tex/unifunc/payment/request_fix_trade
[DEBUG] 2026/05/26 10:50:32.149487 (MQTT) Unsubscribe client.Subscribe OK,/tex/unifunc/payment/request_get_reserve_info
[DEBUG] 2026/05/26 10:50:32.149487 (MQTT) Unsubscribe client.Subscribe OK,/tex/unifunc/payment/request_get_converted_address
[DEBUG] 2026/05/26 10:50:32.150500 (MQTT) Unsubscribe client.Subscribe OK,/tex/unifunc/payment/request_update_guestdata
[DEBUG] 2026/05/26 10:50:32.150500 (MQTT) Unsubscribe client.Subscribe OK,/tex/unifunc/payment/request_get_upsale_type
[DEBUG] 2026/05/26 10:50:32.151014 (MQTT) Unsubscribe client.Subscribe OK,/tex/unifunc/payment/request_update_upsale_type
[DEBUG] 2026/05/26 10:50:32.151014 (MQTT) Unsubscribe client.Subscribe OK,/tex/unifunc/payment/request_get_sales_item
[DEBUG] 2026/05/26 10:50:32.151526 (MQTT) Unsubscribe client.Subscribe OK,/tex/unifunc/payment/request_update_sales_item
[DEBUG] 2026/05/26 10:50:32.151526 (MQTT) Unsubscribe client.Subscribe OK,/tex/unifunc/payment/request_get_payinfo
[DEBUG] 2026/05/26 10:50:32.152036 (MQTT) Unsubscribe client.Subscribe OK,/tex/unifunc/payment/request_fix_payment
[DEBUG] 2026/05/26 10:50:32.152036 (MQTT) Unsubscribe client.Subscribe OK,/tex/unifunc/payment/request_get_limitinfo
[DEBUG] 2026/05/26 10:50:32.152547 (MQTT) Unsubscribe client.Subscribe OK,/tex/unifunc/payment/request_update_limitinfo
[DEBUG] 2026/05/26 10:50:32.152547 (MQTT) Unsubscribe client.Subscribe OK,/tex/unifunc/payment/request_reacquire_payment
[DEBUG] 2026/05/26 10:50:32.153057 (MQTT) Unsubscribe client.Subscribe OK,/tex/unifunc/payment/request_cancel_payment
[DEBUG] 2026/05/26 10:50:32.153057 (MQTT) Unsubscribe client.Subscribe OK,/tex/unifunc/payment/request_issue_roomcard
[DEBUG] 2026/05/26 10:50:32.153565 (MQTT) Unsubscribe client.Subscribe OK,/tex/unifunc/payment/request_read_card
[DEBUG] 2026/05/26 10:50:32.153565 (MQTT) Unsubscribe client.Subscribe OK,/tex/unifunc/payment/request_stop_card
[DEBUG] 2026/05/26 10:50:32.154077 (MQTT) Unsubscribe client.Subscribe OK,/tex/unifunc/payment/request_collect_roomcard
[DEBUG] 2026/05/26 10:50:32.154077 (MQTT) Unsubscribe client.Subscribe OK,/almex/helper/card/notice_status
[DEBUG] 2026/05/26 10:50:32.154590 (MQTT) Publish,/tex/unifunc/payment/result_control_service,{"requestInfo":{"processId":"000018c0","requestId":"rqCtrSv_unifuncpayment_248944id20"},"result":true}
[DEBUG] 2026/05/26 10:50:32.154590 (MQTT) Unsubscribe client.Subscribe OK,/tex/unifunc/payment/request_status_card
[DEBUG] 2026/05/26 10:50:32.155104 (MQTT) Unsubscribe client.Subscribe OK,/tex/unifunc/payment/request_print_start
[DEBUG] 2026/05/26 10:50:32.155104 (MQTT) Unsubscribe client.Subscribe OK,/tex/unifunc/payment/request_print_receipt
[DEBUG] 2026/05/26 10:50:32.155104 (MQTT) Unsubscribe client.Subscribe OK,/tex/unifunc/payment/request_print_coupon_receipt
[DEBUG] 2026/05/26 10:50:32.155645 (MQTT) Unsubscribe client.Subscribe OK,/tex/unifunc/payment/request_print_otherticket
[DEBUG] 2026/05/26 10:50:32.155645 (MQTT) Unsubscribe client.Subscribe OK,/tex/unifunc/payment/request_print_emoney_alarm_receipt
[DEBUG] 2026/05/26 10:50:32.155645 (MQTT) Unsubscribe client.Subscribe OK,/tex/unifunc/payment/request_reprint_receipt
[DEBUG] 2026/05/26 10:50:32.155645 (MQTT) Unsubscribe client.Subscribe OK,/almex/helper/print/notice_status
[DEBUG] 2026/05/26 10:50:32.156657 (MQTT) Unsubscribe client.Subscribe OK,/tex/unifunc/payment/request_status_receipt
[DEBUG] 2026/05/26 10:50:32.157180 (MQTT) Unsubscribe client.Subscribe OK,/tex/unifunc/payment/request_status_coupon_receipt
[DEBUG] 2026/05/26 10:50:32.157180 (MQTT) Unsubscribe client.Subscribe OK,/tex/unifunc/payment/request_status_otherticket
[DEBUG] 2026/05/26 10:50:32.157180 (MQTT) Unsubscribe client.Subscribe OK,/tex/unifunc/payment/request_status_emoney_alarm_receipt
[DEBUG] 2026/05/26 10:50:32.157180 (MQTT) Unsubscribe client.Subscribe OK,/tex/unifunc/payment/request_registration_payment_emoney
[DEBUG] 2026/05/26 10:50:32.157180 (MQTT) Unsubscribe client.Subscribe OK,/tex/unifunc/money/notice_indata
[DEBUG] 2026/05/26 10:50:32.158188 (MQTT) Unsubscribe client.Subscribe OK,/tex/unifunc/money/notice_outdata
[DEBUG] 2026/05/26 10:50:32.158188 (MQTT) Unsubscribe client.Subscribe OK,/tex/unifunc/payment/request_enable_cash
[DEBUG] 2026/05/26 10:50:32.158746 (MQTT) Unsubscribe client.Subscribe OK,/tex/unifunc/payment/request_disable_cash
[DEBUG] 2026/05/26 10:50:32.158746 (MQTT) Unsubscribe client.Subscribe OK,/tex/unifunc/payment/request_decision_cash
[DEBUG] 2026/05/26 10:50:32.158746 (MQTT) Unsubscribe client.Subscribe OK,/tex/unifunc/payment/request_cancel_cash
[DEBUG] 2026/05/26 10:50:32.159311 (MQTT) Unsubscribe client.Subscribe OK,/tex/unifunc/payment/request_out_cash
[DEBUG] 2026/05/26 10:50:32.159311 (MQTT) Unsubscribe client.Subscribe OK,/tex/unifunc/payment/request_status_cash
[DEBUG] 2026/05/26 10:50:32.159822 (MQTT) Unsubscribe client.Subscribe OK,/tex/unifunc/payment/request_read_passport
[DEBUG] 2026/05/26 10:50:32.159822 (MQTT) Unsubscribe client.Subscribe OK,/tex/unifunc/payment/request_stop_passport
[DEBUG] 2026/05/26 10:50:32.160343 (MQTT) Unsubscribe client.Subscribe OK,/tex/unifunc/payment/request_status_passport
[DEBUG] 2026/05/26 10:50:32.160343 (MQTT) Unsubscribe client.Subscribe OK,/tex/unifunc/payment/request_read_qrcode
[DEBUG] 2026/05/26 10:50:32.160343 (MQTT) Unsubscribe client.Subscribe OK,/tex/unifunc/payment/request_stop_qrcode
[DEBUG] 2026/05/26 10:50:32.160854 (MQTT) Unsubscribe client.Subscribe OK,/tex/unifunc/payment/request_status_qrcode
[DEBUG] 2026/05/26 10:50:32.160854 (MQTT) Unsubscribe client.Subscribe OK,/almex/device/cless/notice_status
[DEBUG] 2026/05/26 10:50:32.161366 (MQTT) Unsubscribe client.Subscribe OK,/tex/unifunc/payment/request_payment_credit
[DEBUG] 2026/05/26 10:50:32.161366 (MQTT) Unsubscribe client.Subscribe OK,/almex/device/cless/notice_payment_credit
[DEBUG] 2026/05/26 10:50:32.161888 (MQTT) Unsubscribe client.Subscribe OK,/tex/unifunc/payment/request_cancel_cashless
[DEBUG] 2026/05/26 10:50:32.161888 (MQTT) Unsubscribe client.Subscribe OK,/tex/unifunc/payment/request_payment_cashless
[DEBUG] 2026/05/26 10:50:32.161888 (MQTT) Unsubscribe client.Subscribe OK,/almex/device/cless/notice_payment_cashless
[DEBUG] 2026/05/26 10:50:32.161888 (MQTT) Unsubscribe client.Subscribe OK,/tex/unifunc/payment/request_payment_emoney
[DEBUG] 2026/05/26 10:50:32.161888 (MQTT) Unsubscribe client.Subscribe OK,/almex/device/cless/notice_payment_emoney
[DEBUG] 2026/05/26 10:50:32.162898 (MQTT) Unsubscribe client.Subscribe OK,/tex/unifunc/payment/request_cashless_collect
[DEBUG] 2026/05/26 10:50:32.162898 (MQTT) Unsubscribe client.Subscribe OK,/almex/device/cless/notice_collect
[DEBUG] 2026/05/26 10:50:32.162898 (MQTT) Unsubscribe client.Subscribe OK,/tex/unifunc/payment/request_cashless_devinfo
[DEBUG] 2026/05/26 10:50:32.163467 (MQTT) Unsubscribe client.Subscribe OK,/tex/unifunc/payment/request_emoney_brandlist
[DEBUG] 2026/05/26 10:50:32.163467 (MQTT) Unsubscribe client.Subscribe OK,/tex/unifunc/payment/request_payment_qr
[DEBUG] 2026/05/26 10:50:32.163977 (MQTT) Unsubscribe client.Subscribe OK,/almex/device/cless/notice_payment_qr
[DEBUG] 2026/05/26 10:50:32.163977 (MQTT) Unsubscribe client.Subscribe OK,/tex/unifunc/payment/request_payment_jdebit
[DEBUG] 2026/05/26 10:50:32.163977 (MQTT) Unsubscribe client.Subscribe OK,/almex/device/cless/notice_payment_jdebit
[DEBUG] 2026/05/26 10:50:32.164489 (MQTT) Unsubscribe client.Subscribe OK,/tex/unifunc/payment/request_get_salesinfo
[DEBUG] 2026/05/26 10:50:32.164489 (MQTT) Unsubscribe client.Subscribe OK,/tex/unifunc/payment/request_change_modeready
[DEBUG] 2026/05/26 10:50:32.165001 (MQTT) Unsubscribe client.Subscribe OK,/tex/helper/controller/notice_start_service
[DEBUG] 2026/05/26 10:50:32.165001 (MQTT) Unsubscribe client.Subscribe OK,/tex/helper/controller/notice_stop_service
[DEBUG] 2026/05/26 10:50:32.165511 (MQTT) Unsubscribe client.Subscribe OK,/tex/unifunc/payment/request_get_cancellist
[DEBUG] 2026/05/26 10:50:32.165511 (MQTT) Unsubscribe client.Subscribe OK,/tex/unifunc/payment/request_staff_call
[DEBUG] 2026/05/26 10:50:32.165511 (MQTT) Unsubscribe client.Subscribe OK,/tex/helper/console/notice_change_operator_reservation
[DEBUG] 2026/05/26 10:50:32.165511 (MQTT) Unsubscribe client.Subscribe OK,/tex/helper/console/notice_change_operator_user
[DEBUG] 2026/05/26 10:50:32.165511 (MQTT) Unsubscribe client.Subscribe OK,/tex/unifunc/payment/request_get_tradeinfo
[DEBUG] 2026/05/26 10:50:32.667940 (MQTT) Publish,/tex/unifunc/payment/notice_status_service,{"statusService":false}
[DEBUG] 2026/05/26 10:50:40.876644 (MQTT) Unsubscribe client.Subscribe OK,/tex/unifunc/payment/request_get_service
[DEBUG] 2026/05/26 10:50:40.876644 (MQTT) Unsubscribe client.Subscribe OK,/tex/unifunc/payment/request_control_service
[TRACE] 2026/05/26 10:50:40.876644 (MQTT DISCONN) Disconnect    START(NOR-tex_payment_bh-9c43c3cb-6482-4141-add2-54a76d09ffa5,ConnType:0,IP:localhost,PORT:1883)
[TRACE] 2026/05/26 10:50:40.877170 (MQTT DISCONN) Disconnect   FINISH(NOR-tex_payment_bh-9c43c3cb-6482-4141-add2-54a76d09ffa5,ConnType:0,IP:localhost,PORT:1883)
[TRACE] 2026/05/26 10:50:40.877698 (MQTT DISCONN) Disconnect    START(EXT-tex_payment_bh-ec88dbbd-8b3c-48fd-8acc-9620243ac6a5,ConnType:0,IP:10.120.10.42,PORT:1883)
[TRACE] 2026/05/26 10:50:40.877698 (MQTT DISCONN) Disconnect   FINISH(EXT-tex_payment_bh-ec88dbbd-8b3c-48fd-8acc-9620243ac6a5,ConnType:0,IP:10.120.10.42,PORT:1883)
[INFO ] 2026/05/26 10:50:40.878209 (FIN)  End ･･････････ version 101.0.62.113
